{"/home/travis/build/npmtest/node-npmtest-node-quickbooks/test.js":{"path":"/home/travis/build/npmtest/node-npmtest-node-quickbooks/test.js","s":{"1":2,"2":2,"3":2,"4":2,"5":2,"6":2,"7":2,"8":1,"9":2,"10":2,"11":1,"12":1,"13":1,"14":1,"15":2,"16":2,"17":2,"18":2,"19":1,"20":1,"21":2,"22":2,"23":2,"24":1,"25":1,"26":1,"27":1,"28":1,"29":1,"30":1,"31":1,"32":1,"33":1,"34":1,"35":1,"36":1,"37":1,"38":1,"39":2,"40":2,"41":1,"42":2,"43":2,"44":1,"45":2,"46":2,"47":1,"48":2,"49":2,"50":1,"51":1,"52":1,"53":1,"54":1},"b":{"1":[2,1,1,1],"2":[1,1,1,1],"3":[1,1],"4":[1,1],"5":[1,1],"6":[1,1],"7":[1,1],"8":[1,1],"9":[1,1],"10":[1,1,1],"11":[1,1],"12":[1,1],"13":[1,1],"14":[1,1],"15":[1,1],"16":[1,1],"17":[1,1]},"f":{"1":2,"2":2,"3":2,"4":2,"5":2,"6":1,"7":1,"8":1,"9":2,"10":2,"11":2,"12":2,"13":1},"fnMap":{"1":{"name":"(anonymous_1)","line":12,"loc":{"start":{"line":12,"column":1},"end":{"line":12,"column":13}}},"2":{"name":"(anonymous_2)","line":19,"loc":{"start":{"line":19,"column":5},"end":{"line":19,"column":17}}},"3":{"name":"(anonymous_3)","line":23,"loc":{"start":{"line":23,"column":24},"end":{"line":23,"column":36}}},"4":{"name":"(anonymous_4)","line":61,"loc":{"start":{"line":61,"column":5},"end":{"line":61,"column":17}}},"5":{"name":"(anonymous_5)","line":82,"loc":{"start":{"line":82,"column":5},"end":{"line":82,"column":17}}},"6":{"name":"(anonymous_6)","line":91,"loc":{"start":{"line":91,"column":77},"end":{"line":94,"column":10}}},"7":{"name":"(anonymous_7)","line":112,"loc":{"start":{"line":112,"column":83},"end":{"line":115,"column":10}},"skip":true},"8":{"name":"(anonymous_8)","line":123,"loc":{"start":{"line":123,"column":77},"end":{"line":126,"column":10}},"skip":true},"9":{"name":"(anonymous_9)","line":139,"loc":{"start":{"line":139,"column":12},"end":{"line":139,"column":40}},"skip":true},"10":{"name":"(anonymous_10)","line":147,"loc":{"start":{"line":147,"column":77},"end":{"line":150,"column":10}},"skip":true},"11":{"name":"(anonymous_11)","line":158,"loc":{"start":{"line":158,"column":83},"end":{"line":161,"column":10}},"skip":true},"12":{"name":"(anonymous_12)","line":169,"loc":{"start":{"line":169,"column":79},"end":{"line":172,"column":10}},"skip":true},"13":{"name":"(anonymous_13)","line":180,"loc":{"start":{"line":180,"column":75},"end":{"line":183,"column":10}},"skip":true}},"statementMap":{"1":{"start":{"line":12,"column":0},"end":{"line":195,"column":5}},"2":{"start":{"line":14,"column":4},"end":{"line":14,"column":14}},"3":{"start":{"line":19,"column":4},"end":{"line":56,"column":9}},"4":{"start":{"line":21,"column":8},"end":{"line":21,"column":19}},"5":{"start":{"line":23,"column":8},"end":{"line":35,"column":13}},"6":{"start":{"line":24,"column":12},"end":{"line":34,"column":13}},"7":{"start":{"line":25,"column":16},"end":{"line":28,"column":30}},"8":{"start":{"line":30,"column":16},"end":{"line":33,"column":27}},"9":{"start":{"line":37,"column":8},"end":{"line":39,"column":21}},"10":{"start":{"line":40,"column":8},"end":{"line":53,"column":9}},"11":{"start":{"line":43,"column":12},"end":{"line":46,"column":14}},"12":{"start":{"line":47,"column":12},"end":{"line":47,"column":18}},"13":{"start":{"line":50,"column":12},"end":{"line":51,"column":33}},"14":{"start":{"line":52,"column":12},"end":{"line":52,"column":18}},"15":{"start":{"line":55,"column":8},"end":{"line":55,"column":35}},"16":{"start":{"line":61,"column":4},"end":{"line":63,"column":9}},"17":{"start":{"line":62,"column":8},"end":{"line":62,"column":15}},"18":{"start":{"line":64,"column":4},"end":{"line":77,"column":5}},"19":{"start":{"line":70,"column":8},"end":{"line":70,"column":14}},"20":{"start":{"line":76,"column":8},"end":{"line":76,"column":14}},"21":{"start":{"line":82,"column":4},"end":{"line":84,"column":9}},"22":{"start":{"line":83,"column":8},"end":{"line":83,"column":15}},"23":{"start":{"line":85,"column":4},"end":{"line":194,"column":5}},"24":{"start":{"line":91,"column":8},"end":{"line":99,"column":10}},"25":{"start":{"line":98,"column":12},"end":{"line":98,"column":35}},"26":{"start":{"line":102,"column":8},"end":{"line":104,"column":63}},"27":{"start":{"line":105,"column":8},"end":{"line":105,"column":14}},"28":{"start":{"line":112,"column":8},"end":{"line":121,"column":10},"skip":true},"29":{"start":{"line":119,"column":12},"end":{"line":119,"column":55},"skip":true},"30":{"start":{"line":120,"column":12},"end":{"line":120,"column":48},"skip":true},"31":{"start":{"line":123,"column":8},"end":{"line":136,"column":10},"skip":true},"32":{"start":{"line":130,"column":12},"end":{"line":130,"column":76},"skip":true},"33":{"start":{"line":131,"column":12},"end":{"line":131,"column":73},"skip":true},"34":{"start":{"line":132,"column":12},"end":{"line":132,"column":74},"skip":true},"35":{"start":{"line":133,"column":12},"end":{"line":133,"column":79},"skip":true},"36":{"start":{"line":134,"column":12},"end":{"line":134,"column":25},"skip":true},"37":{"start":{"line":135,"column":12},"end":{"line":135,"column":45},"skip":true},"38":{"start":{"line":138,"column":8},"end":{"line":145,"column":14},"skip":true},"39":{"start":{"line":143,"column":16},"end":{"line":143,"column":29},"skip":true},"40":{"start":{"line":144,"column":16},"end":{"line":144,"column":55},"skip":true},"41":{"start":{"line":147,"column":8},"end":{"line":156,"column":10},"skip":true},"42":{"start":{"line":154,"column":12},"end":{"line":154,"column":25},"skip":true},"43":{"start":{"line":155,"column":12},"end":{"line":155,"column":45},"skip":true},"44":{"start":{"line":158,"column":8},"end":{"line":167,"column":10},"skip":true},"45":{"start":{"line":165,"column":12},"end":{"line":165,"column":25},"skip":true},"46":{"start":{"line":166,"column":12},"end":{"line":166,"column":48},"skip":true},"47":{"start":{"line":169,"column":8},"end":{"line":178,"column":10},"skip":true},"48":{"start":{"line":176,"column":12},"end":{"line":176,"column":25},"skip":true},"49":{"start":{"line":177,"column":12},"end":{"line":177,"column":46},"skip":true},"50":{"start":{"line":180,"column":8},"end":{"line":189,"column":10},"skip":true},"51":{"start":{"line":187,"column":12},"end":{"line":187,"column":94},"skip":true},"52":{"start":{"line":188,"column":12},"end":{"line":188,"column":48},"skip":true},"53":{"start":{"line":192,"column":8},"end":{"line":192,"column":35},"skip":true},"54":{"start":{"line":193,"column":8},"end":{"line":193,"column":14},"skip":true}},"branchMap":{"1":{"line":25,"type":"binary-expr","locations":[{"start":{"line":25,"column":23},"end":{"line":25,"column":62}},{"start":{"line":26,"column":20},"end":{"line":26,"column":70}},{"start":{"line":27,"column":20},"end":{"line":27,"column":71}},{"start":{"line":28,"column":20},"end":{"line":28,"column":29}}]},"2":{"line":30,"type":"binary-expr","locations":[{"start":{"line":30,"column":23},"end":{"line":30,"column":37}},{"start":{"line":31,"column":20},"end":{"line":31,"column":61}},{"start":{"line":32,"column":20},"end":{"line":32,"column":70}},{"start":{"line":33,"column":20},"end":{"line":33,"column":26}}]},"3":{"line":37,"type":"cond-expr","locations":[{"start":{"line":38,"column":14},"end":{"line":38,"column":20}},{"start":{"line":39,"column":14},"end":{"line":39,"column":20}}]},"4":{"line":40,"type":"switch","locations":[{"start":{"line":42,"column":8},"end":{"line":47,"column":18}},{"start":{"line":49,"column":8},"end":{"line":52,"column":18}}]},"5":{"line":44,"type":"binary-expr","locations":[{"start":{"line":44,"column":16},"end":{"line":44,"column":44}},{"start":{"line":44,"column":48},"end":{"line":44,"column":66}}]},"6":{"line":50,"type":"binary-expr","locations":[{"start":{"line":50,"column":21},"end":{"line":50,"column":49}},{"start":{"line":50,"column":53},"end":{"line":50,"column":72}}]},"7":{"line":64,"type":"switch","locations":[{"start":{"line":69,"column":4},"end":{"line":70,"column":14}},{"start":{"line":75,"column":4},"end":{"line":76,"column":14}}]},"8":{"line":85,"type":"switch","locations":[{"start":{"line":90,"column":4},"end":{"line":105,"column":14}},{"start":{"line":111,"column":4},"end":{"line":193,"column":14},"skip":true}]},"9":{"line":91,"type":"binary-expr","locations":[{"start":{"line":91,"column":42},"end":{"line":91,"column":73}},{"start":{"line":91,"column":77},"end":{"line":99,"column":9}}]},"10":{"line":102,"type":"binary-expr","locations":[{"start":{"line":102,"column":18},"end":{"line":102,"column":32}},{"start":{"line":103,"column":12},"end":{"line":103,"column":53}},{"start":{"line":104,"column":12},"end":{"line":104,"column":61}}]},"11":{"line":112,"type":"binary-expr","locations":[{"start":{"line":112,"column":45},"end":{"line":112,"column":79},"skip":true},{"start":{"line":112,"column":83},"end":{"line":121,"column":9},"skip":true}]},"12":{"line":123,"type":"binary-expr","locations":[{"start":{"line":123,"column":42},"end":{"line":123,"column":73},"skip":true},{"start":{"line":123,"column":77},"end":{"line":136,"column":9},"skip":true}]},"13":{"line":138,"type":"binary-expr","locations":[{"start":{"line":138,"column":48},"end":{"line":138,"column":85},"skip":true},{"start":{"line":139,"column":12},"end":{"line":145,"column":13},"skip":true}]},"14":{"line":147,"type":"binary-expr","locations":[{"start":{"line":147,"column":42},"end":{"line":147,"column":73},"skip":true},{"start":{"line":147,"column":77},"end":{"line":156,"column":9},"skip":true}]},"15":{"line":158,"type":"binary-expr","locations":[{"start":{"line":158,"column":45},"end":{"line":158,"column":79},"skip":true},{"start":{"line":158,"column":83},"end":{"line":167,"column":9},"skip":true}]},"16":{"line":169,"type":"binary-expr","locations":[{"start":{"line":169,"column":43},"end":{"line":169,"column":75},"skip":true},{"start":{"line":169,"column":79},"end":{"line":178,"column":9},"skip":true}]},"17":{"line":180,"type":"binary-expr","locations":[{"start":{"line":180,"column":41},"end":{"line":180,"column":71},"skip":true},{"start":{"line":180,"column":75},"end":{"line":189,"column":9},"skip":true}]}},"code":["/* istanbul instrument in package npmtest_node_quickbooks */","/*jslint","    bitwise: true,","    browser: true,","    maxerr: 8,","    maxlen: 96,","    node: true,","    nomen: true,","    regexp: true,","    stupid: true","*/","(function () {","    'use strict';","    var local;","","","","    // run shared js-env code - pre-init","    (function () {","        // init local","        local = {};","        // init modeJs","        local.modeJs = (function () {","            try {","                return typeof navigator.userAgent === 'string' &&","                    typeof document.querySelector('body') === 'object' &&","                    typeof XMLHttpRequest.prototype.open === 'function' &&","                    'browser';","            } catch (errorCaughtBrowser) {","                return module.exports &&","                    typeof process.versions.node === 'string' &&","                    typeof require('http').createServer === 'function' &&","                    'node';","            }","        }());","        // init global","        local.global = local.modeJs === 'browser'","            ? window","            : global;","        switch (local.modeJs) {","        // re-init local from window.local","        case 'browser':","            local = local.global.utility2.objectSetDefault(","                local.global.utility2_rollup || local.global.local,","                local.global.utility2","            );","            break;","        // re-init local from example.js","        case 'node':","            local = (local.global.utility2_rollup || require('utility2'))","                .requireReadme();","            break;","        }","        // export local","        local.global.local = local;","    }());","","","","    // run shared js-env code - function","    (function () {","        return;","    }());","    switch (local.modeJs) {","","","","    // run browser js-env code - function","    case 'browser':","        break;","","","","    // run node js-env code - function","    case 'node':","        break;","    }","","","","    // run shared js-env code - post-init","    (function () {","        return;","    }());","    switch (local.modeJs) {","","","","    // run browser js-env code - post-init","    case 'browser':","        local.testCase_browser_nullCase = local.testCase_browser_nullCase || function (","            options,","            onError","        ) {","        /*","         * this function will test browsers's null-case handling-behavior-behavior","         */","            onError(null, options);","        };","","        // run tests","        local.nop(local.modeTest &&","            document.querySelector('#testRunButton1') &&","            document.querySelector('#testRunButton1').click());","        break;","","","","    // run node js-env code - post-init","    /* istanbul ignore next */","    case 'node':","        local.testCase_buildApidoc_default = local.testCase_buildApidoc_default || function (","            options,","            onError","        ) {","        /*","         * this function will test buildApidoc's default handling-behavior-behavior","         */","            options = { modulePathList: module.paths };","            local.buildApidoc(options, onError);","        };","","        local.testCase_buildApp_default = local.testCase_buildApp_default || function (","            options,","            onError","        ) {","        /*","         * this function will test buildApp's default handling-behavior-behavior","         */","            local.testCase_buildReadme_default(options, local.onErrorThrow);","            local.testCase_buildLib_default(options, local.onErrorThrow);","            local.testCase_buildTest_default(options, local.onErrorThrow);","            local.testCase_buildCustomOrg_default(options, local.onErrorThrow);","            options = [];","            local.buildApp(options, onError);","        };","","        local.testCase_buildCustomOrg_default = local.testCase_buildCustomOrg_default ||","            function (options, onError) {","            /*","             * this function will test buildCustomOrg's default handling-behavior","             */","                options = {};","                local.buildCustomOrg(options, onError);","            };","","        local.testCase_buildLib_default = local.testCase_buildLib_default || function (","            options,","            onError","        ) {","        /*","         * this function will test buildLib's default handling-behavior","         */","            options = {};","            local.buildLib(options, onError);","        };","","        local.testCase_buildReadme_default = local.testCase_buildReadme_default || function (","            options,","            onError","        ) {","        /*","         * this function will test buildReadme's default handling-behavior-behavior","         */","            options = {};","            local.buildReadme(options, onError);","        };","","        local.testCase_buildTest_default = local.testCase_buildTest_default || function (","            options,","            onError","        ) {","        /*","         * this function will test buildTest's default handling-behavior","         */","            options = {};","            local.buildTest(options, onError);","        };","","        local.testCase_webpage_default = local.testCase_webpage_default || function (","            options,","            onError","        ) {","        /*","         * this function will test webpage's default handling-behavior","         */","            options = { modeCoverageMerge: true, url: local.serverLocalHost + '?modeTest=1' };","            local.browserTest(options, onError);","        };","","        // run test-server","        local.testRunServer(local);","        break;","    }","}());",""],"l":{"12":2,"14":2,"19":2,"21":2,"23":2,"24":2,"25":2,"30":1,"37":2,"40":2,"43":1,"47":1,"50":1,"52":1,"55":2,"61":2,"62":2,"64":2,"70":1,"76":1,"82":2,"83":2,"85":2,"91":1,"98":1,"102":1,"105":1,"112":1,"119":1,"120":1,"123":1,"130":1,"131":1,"132":1,"133":1,"134":1,"135":1,"138":1,"143":2,"144":2,"147":1,"154":2,"155":2,"158":1,"165":2,"166":2,"169":1,"176":2,"177":2,"180":1,"187":1,"188":1,"192":1,"193":1}},"/home/travis/build/npmtest/node-npmtest-node-quickbooks/lib.npmtest_node_quickbooks.js":{"path":"/home/travis/build/npmtest/node-npmtest-node-quickbooks/lib.npmtest_node_quickbooks.js","s":{"1":2,"2":2,"3":2,"4":2,"5":2,"6":2,"7":2,"8":1,"9":2,"10":2,"11":2,"12":2,"13":1,"14":1,"15":1,"16":1},"b":{"1":[2,1,1,1],"2":[1,1,1,1],"3":[1,1],"4":[2,2],"5":[1,1]},"f":{"1":2,"2":2,"3":2},"fnMap":{"1":{"name":"(anonymous_1)","line":12,"loc":{"start":{"line":12,"column":1},"end":{"line":12,"column":13}}},"2":{"name":"(anonymous_2)","line":19,"loc":{"start":{"line":19,"column":5},"end":{"line":19,"column":17}}},"3":{"name":"(anonymous_3)","line":23,"loc":{"start":{"line":23,"column":24},"end":{"line":23,"column":36}}}},"statementMap":{"1":{"start":{"line":12,"column":0},"end":{"line":53,"column":5}},"2":{"start":{"line":14,"column":4},"end":{"line":14,"column":14}},"3":{"start":{"line":19,"column":4},"end":{"line":52,"column":9}},"4":{"start":{"line":21,"column":8},"end":{"line":21,"column":19}},"5":{"start":{"line":23,"column":8},"end":{"line":35,"column":13}},"6":{"start":{"line":24,"column":12},"end":{"line":34,"column":13}},"7":{"start":{"line":25,"column":16},"end":{"line":28,"column":30}},"8":{"start":{"line":30,"column":16},"end":{"line":33,"column":27}},"9":{"start":{"line":37,"column":8},"end":{"line":39,"column":21}},"10":{"start":{"line":41,"column":8},"end":{"line":41,"column":54}},"11":{"start":{"line":43,"column":8},"end":{"line":43,"column":60}},"12":{"start":{"line":45,"column":8},"end":{"line":51,"column":9}},"13":{"start":{"line":46,"column":12},"end":{"line":46,"column":66}},"14":{"start":{"line":48,"column":12},"end":{"line":48,"column":35}},"15":{"start":{"line":49,"column":12},"end":{"line":49,"column":49}},"16":{"start":{"line":50,"column":12},"end":{"line":50,"column":43}}},"branchMap":{"1":{"line":25,"type":"binary-expr","locations":[{"start":{"line":25,"column":23},"end":{"line":25,"column":62}},{"start":{"line":26,"column":20},"end":{"line":26,"column":70}},{"start":{"line":27,"column":20},"end":{"line":27,"column":71}},{"start":{"line":28,"column":20},"end":{"line":28,"column":29}}]},"2":{"line":30,"type":"binary-expr","locations":[{"start":{"line":30,"column":23},"end":{"line":30,"column":37}},{"start":{"line":31,"column":20},"end":{"line":31,"column":61}},{"start":{"line":32,"column":20},"end":{"line":32,"column":70}},{"start":{"line":33,"column":20},"end":{"line":33,"column":26}}]},"3":{"line":37,"type":"cond-expr","locations":[{"start":{"line":38,"column":14},"end":{"line":38,"column":20}},{"start":{"line":39,"column":14},"end":{"line":39,"column":20}}]},"4":{"line":41,"type":"binary-expr","locations":[{"start":{"line":41,"column":16},"end":{"line":41,"column":44}},{"start":{"line":41,"column":48},"end":{"line":41,"column":53}}]},"5":{"line":45,"type":"if","locations":[{"start":{"line":45,"column":8},"end":{"line":45,"column":8}},{"start":{"line":45,"column":8},"end":{"line":45,"column":8}}]}},"code":["/* istanbul instrument in package npmtest_node_quickbooks */","/*jslint","    bitwise: true,","    browser: true,","    maxerr: 8,","    maxlen: 96,","    node: true,","    nomen: true,","    regexp: true,","    stupid: true","*/","(function () {","    'use strict';","    var local;","","","","    // run shared js-env code - pre-init","    (function () {","        // init local","        local = {};","        // init modeJs","        local.modeJs = (function () {","            try {","                return typeof navigator.userAgent === 'string' &&","                    typeof document.querySelector('body') === 'object' &&","                    typeof XMLHttpRequest.prototype.open === 'function' &&","                    'browser';","            } catch (errorCaughtBrowser) {","                return module.exports &&","                    typeof process.versions.node === 'string' &&","                    typeof require('http').createServer === 'function' &&","                    'node';","            }","        }());","        // init global","        local.global = local.modeJs === 'browser'","            ? window","            : global;","        // init utility2_rollup","        local = local.global.utility2_rollup || local;","        // init lib","        local.local = local.npmtest_node_quickbooks = local;","        // init exports","        if (local.modeJs === 'browser') {","            local.global.utility2_npmtest_node_quickbooks = local;","        } else {","            module.exports = local;","            module.exports.__dirname = __dirname;","            module.exports.module = module;","        }","    }());","}());",""],"l":{"12":2,"14":2,"19":2,"21":2,"23":2,"24":2,"25":2,"30":1,"37":2,"41":2,"43":2,"45":2,"46":1,"48":1,"49":1,"50":1}},"/home/travis/build/npmtest/node-npmtest-node-quickbooks/example.js":{"path":"/home/travis/build/npmtest/node-npmtest-node-quickbooks/example.js","s":{"1":2,"2":2,"3":2,"4":2,"5":2,"6":2,"7":2,"8":1,"9":2,"10":2,"11":2,"12":2,"13":1,"14":2,"15":2,"16":2,"17":2,"18":2,"19":0,"20":2,"21":1,"22":1,"23":1,"24":1,"25":1,"26":0,"27":0,"28":1,"29":1,"30":2,"31":0,"32":0,"33":0,"34":1,"35":2,"36":2,"37":3,"38":3,"39":3,"40":3,"41":0,"42":3,"43":3,"44":3,"45":1,"46":3,"47":1,"48":1,"49":1,"50":1,"51":1,"52":1,"53":1,"54":1,"55":1,"56":1,"57":0,"58":1,"59":6,"60":6,"61":1,"62":2,"63":0,"64":2,"65":1,"66":1,"67":0,"68":0,"69":0,"70":0,"71":0,"72":0,"73":0,"74":0,"75":0,"76":0,"77":0,"78":0,"79":0,"80":0,"81":0,"82":0,"83":0},"b":{"1":[2,1,1,1],"2":[1,1,1,1],"3":[1,1],"4":[2,2],"5":[1,1],"6":[1,1],"7":[2,0],"8":[2,1,1,1,1,1],"9":[0,2,0],"10":[1,1],"11":[2,1,1],"12":[1,0],"13":[0,2],"14":[2,0,0,0,0,0,0],"15":[0,3],"16":[3,0],"17":[1,1],"18":[0,1],"19":[1,2,0,2],"20":[1,0],"21":[1,1],"22":[0,0],"23":[0,0],"24":[0,0],"25":[0,0],"26":[0,0],"27":[0,0],"28":[0,0]},"f":{"1":2,"2":2,"3":2,"4":2,"5":2,"6":2,"7":3,"8":3,"9":3,"10":1,"11":6,"12":0},"fnMap":{"1":{"name":"(anonymous_1)","line":26,"loc":{"start":{"line":26,"column":1},"end":{"line":26,"column":13}}},"2":{"name":"(anonymous_2)","line":33,"loc":{"start":{"line":33,"column":5},"end":{"line":33,"column":17}}},"3":{"name":"(anonymous_3)","line":37,"loc":{"start":{"line":37,"column":24},"end":{"line":37,"column":36}}},"4":{"name":"(anonymous_4)","line":69,"loc":{"start":{"line":69,"column":31},"end":{"line":69,"column":48}},"skip":true},"5":{"name":"(anonymous_5)","line":78,"loc":{"start":{"line":78,"column":26},"end":{"line":78,"column":45}},"skip":true},"6":{"name":"(anonymous_6)","line":123,"loc":{"start":{"line":123,"column":33},"end":{"line":123,"column":48}},"skip":true},"7":{"name":"(anonymous_7)","line":125,"loc":{"start":{"line":125,"column":27},"end":{"line":125,"column":39}},"skip":true},"8":{"name":"(anonymous_8)","line":133,"loc":{"start":{"line":133,"column":59},"end":{"line":133,"column":74}},"skip":true},"9":{"name":"(anonymous_9)","line":143,"loc":{"start":{"line":143,"column":45},"end":{"line":143,"column":62}},"skip":true},"10":{"name":"(anonymous_10)","line":144,"loc":{"start":{"line":144,"column":73},"end":{"line":144,"column":92}},"skip":true},"11":{"name":"(anonymous_11)","line":272,"loc":{"start":{"line":272,"column":51},"end":{"line":272,"column":77}},"skip":true},"12":{"name":"(anonymous_12)","line":315,"loc":{"start":{"line":315,"column":32},"end":{"line":315,"column":61}},"skip":true}},"statementMap":{"1":{"start":{"line":26,"column":0},"end":{"line":326,"column":5}},"2":{"start":{"line":28,"column":4},"end":{"line":28,"column":14}},"3":{"start":{"line":33,"column":4},"end":{"line":60,"column":9}},"4":{"start":{"line":35,"column":8},"end":{"line":35,"column":19}},"5":{"start":{"line":37,"column":8},"end":{"line":49,"column":13}},"6":{"start":{"line":38,"column":12},"end":{"line":48,"column":13}},"7":{"start":{"line":39,"column":16},"end":{"line":42,"column":30}},"8":{"start":{"line":44,"column":16},"end":{"line":47,"column":27}},"9":{"start":{"line":51,"column":8},"end":{"line":53,"column":21}},"10":{"start":{"line":55,"column":8},"end":{"line":57,"column":45}},"11":{"start":{"line":59,"column":8},"end":{"line":59,"column":35}},"12":{"start":{"line":61,"column":4},"end":{"line":325,"column":5}},"13":{"start":{"line":69,"column":8},"end":{"line":121,"column":10},"skip":true},"14":{"start":{"line":70,"column":12},"end":{"line":88,"column":13},"skip":true},"15":{"start":{"line":76,"column":16},"end":{"line":87,"column":19},"skip":true},"16":{"start":{"line":79,"column":20},"end":{"line":86,"column":21},"skip":true},"17":{"start":{"line":82,"column":24},"end":{"line":82,"column":43},"skip":true},"18":{"start":{"line":83,"column":24},"end":{"line":83,"column":30},"skip":true},"19":{"start":{"line":85,"column":24},"end":{"line":85,"column":49},"skip":true},"20":{"start":{"line":89,"column":12},"end":{"line":107,"column":13},"skip":true},"21":{"start":{"line":92,"column":16},"end":{"line":102,"column":17},"skip":true},"22":{"start":{"line":93,"column":20},"end":{"line":93,"column":86},"skip":true},"23":{"start":{"line":94,"column":20},"end":{"line":95,"column":45},"skip":true},"24":{"start":{"line":96,"column":20},"end":{"line":96,"column":42},"skip":true},"25":{"start":{"line":97,"column":20},"end":{"line":97,"column":48},"skip":true},"26":{"start":{"line":100,"column":20},"end":{"line":100,"column":85},"skip":true},"27":{"start":{"line":101,"column":20},"end":{"line":101,"column":96},"skip":true},"28":{"start":{"line":103,"column":16},"end":{"line":103,"column":22},"skip":true},"29":{"start":{"line":106,"column":16},"end":{"line":106,"column":22},"skip":true},"30":{"start":{"line":108,"column":12},"end":{"line":120,"column":13},"skip":true},"31":{"start":{"line":114,"column":16},"end":{"line":119,"column":17},"skip":true},"32":{"start":{"line":116,"column":20},"end":{"line":116,"column":78},"skip":true},"33":{"start":{"line":118,"column":20},"end":{"line":118,"column":47},"skip":true},"34":{"start":{"line":123,"column":8},"end":{"line":141,"column":11},"skip":true},"35":{"start":{"line":124,"column":12},"end":{"line":124,"column":54},"skip":true},"36":{"start":{"line":125,"column":12},"end":{"line":140,"column":14},"skip":true},"37":{"start":{"line":126,"column":16},"end":{"line":126,"column":28},"skip":true},"38":{"start":{"line":127,"column":16},"end":{"line":127,"column":69},"skip":true},"39":{"start":{"line":128,"column":16},"end":{"line":128,"column":75},"skip":true},"40":{"start":{"line":129,"column":16},"end":{"line":131,"column":17},"skip":true},"41":{"start":{"line":130,"column":20},"end":{"line":130,"column":27},"skip":true},"42":{"start":{"line":133,"column":16},"end":{"line":137,"column":36},"skip":true},"43":{"start":{"line":134,"column":20},"end":{"line":136,"column":55},"skip":true},"44":{"start":{"line":139,"column":16},"end":{"line":139,"column":57},"skip":true},"45":{"start":{"line":143,"column":8},"end":{"line":147,"column":11},"skip":true},"46":{"start":{"line":144,"column":12},"end":{"line":146,"column":15},"skip":true},"47":{"start":{"line":145,"column":16},"end":{"line":145,"column":70},"skip":true},"48":{"start":{"line":149,"column":8},"end":{"line":149,"column":31},"skip":true},"49":{"start":{"line":150,"column":8},"end":{"line":150,"column":14},"skip":true},"50":{"start":{"line":158,"column":8},"end":{"line":158,"column":31},"skip":true},"51":{"start":{"line":160,"column":8},"end":{"line":160,"column":33},"skip":true},"52":{"start":{"line":161,"column":8},"end":{"line":161,"column":37},"skip":true},"53":{"start":{"line":162,"column":8},"end":{"line":162,"column":35},"skip":true},"54":{"start":{"line":164,"column":8},"end":{"line":164,"column":50},"skip":true},"55":{"start":{"line":166,"column":8},"end":{"line":256,"column":2},"skip":true},"56":{"start":{"line":258,"column":8},"end":{"line":286,"column":9},"skip":true},"57":{"start":{"line":259,"column":12},"end":{"line":269,"column":14},"skip":true},"58":{"start":{"line":271,"column":12},"end":{"line":285,"column":19},"skip":true},"59":{"start":{"line":274,"column":20},"end":{"line":274,"column":35},"skip":true},"60":{"start":{"line":275,"column":20},"end":{"line":284,"column":21},"skip":true},"61":{"start":{"line":277,"column":24},"end":{"line":277,"column":64},"skip":true},"62":{"start":{"line":279,"column":24},"end":{"line":279,"column":40},"skip":true},"63":{"start":{"line":281,"column":24},"end":{"line":281,"column":40},"skip":true},"64":{"start":{"line":283,"column":24},"end":{"line":283,"column":39},"skip":true},"65":{"start":{"line":288,"column":8},"end":{"line":290,"column":9},"skip":true},"66":{"start":{"line":289,"column":12},"end":{"line":289,"column":18},"skip":true},"67":{"start":{"line":291,"column":8},"end":{"line":293,"column":54},"skip":true},"68":{"start":{"line":296,"column":8},"end":{"line":301,"column":37},"skip":true},"69":{"start":{"line":303,"column":8},"end":{"line":303,"column":82},"skip":true},"70":{"start":{"line":306,"column":8},"end":{"line":308,"column":9},"skip":true},"71":{"start":{"line":307,"column":12},"end":{"line":307,"column":82},"skip":true},"72":{"start":{"line":310,"column":8},"end":{"line":312,"column":9},"skip":true},"73":{"start":{"line":311,"column":12},"end":{"line":311,"column":18},"skip":true},"74":{"start":{"line":313,"column":8},"end":{"line":313,"column":54},"skip":true},"75":{"start":{"line":314,"column":8},"end":{"line":314,"column":69},"skip":true},"76":{"start":{"line":315,"column":8},"end":{"line":323,"column":36},"skip":true},"77":{"start":{"line":316,"column":12},"end":{"line":316,"column":61},"skip":true},"78":{"start":{"line":317,"column":12},"end":{"line":320,"column":13},"skip":true},"79":{"start":{"line":318,"column":16},"end":{"line":318,"column":75},"skip":true},"80":{"start":{"line":319,"column":16},"end":{"line":319,"column":23},"skip":true},"81":{"start":{"line":321,"column":12},"end":{"line":321,"column":38},"skip":true},"82":{"start":{"line":322,"column":12},"end":{"line":322,"column":27},"skip":true},"83":{"start":{"line":324,"column":8},"end":{"line":324,"column":14},"skip":true}},"branchMap":{"1":{"line":39,"type":"binary-expr","locations":[{"start":{"line":39,"column":23},"end":{"line":39,"column":62}},{"start":{"line":40,"column":20},"end":{"line":40,"column":70}},{"start":{"line":41,"column":20},"end":{"line":41,"column":71}},{"start":{"line":42,"column":20},"end":{"line":42,"column":29}}]},"2":{"line":44,"type":"binary-expr","locations":[{"start":{"line":44,"column":23},"end":{"line":44,"column":37}},{"start":{"line":45,"column":20},"end":{"line":45,"column":61}},{"start":{"line":46,"column":20},"end":{"line":46,"column":70}},{"start":{"line":47,"column":20},"end":{"line":47,"column":26}}]},"3":{"line":51,"type":"cond-expr","locations":[{"start":{"line":52,"column":14},"end":{"line":52,"column":20}},{"start":{"line":53,"column":14},"end":{"line":53,"column":20}}]},"4":{"line":55,"type":"binary-expr","locations":[{"start":{"line":55,"column":16},"end":{"line":55,"column":44}},{"start":{"line":55,"column":49},"end":{"line":57,"column":43}}]},"5":{"line":55,"type":"cond-expr","locations":[{"start":{"line":56,"column":14},"end":{"line":56,"column":59}},{"start":{"line":57,"column":14},"end":{"line":57,"column":43}}]},"6":{"line":61,"type":"switch","locations":[{"start":{"line":68,"column":4},"end":{"line":150,"column":14},"skip":true},{"start":{"line":156,"column":4},"end":{"line":324,"column":14},"skip":true}]},"7":{"line":70,"type":"if","locations":[{"start":{"line":70,"column":12},"end":{"line":70,"column":12},"skip":true},{"start":{"line":70,"column":12},"end":{"line":70,"column":12},"skip":true}]},"8":{"line":70,"type":"binary-expr","locations":[{"start":{"line":70,"column":16},"end":{"line":70,"column":22},"skip":true},{"start":{"line":70,"column":27},"end":{"line":70,"column":32},"skip":true},{"start":{"line":71,"column":20},"end":{"line":71,"column":39},"skip":true},{"start":{"line":72,"column":20},"end":{"line":72,"column":49},"skip":true},{"start":{"line":73,"column":20},"end":{"line":73,"column":58},"skip":true},{"start":{"line":74,"column":20},"end":{"line":74,"column":69},"skip":true}]},"9":{"line":79,"type":"switch","locations":[{"start":{"line":80,"column":20},"end":{"line":80,"column":33},"skip":true},{"start":{"line":81,"column":20},"end":{"line":83,"column":30},"skip":true},{"start":{"line":84,"column":20},"end":{"line":85,"column":49},"skip":true}]},"10":{"line":89,"type":"switch","locations":[{"start":{"line":90,"column":12},"end":{"line":103,"column":22},"skip":true},{"start":{"line":105,"column":12},"end":{"line":106,"column":22},"skip":true}]},"11":{"line":89,"type":"binary-expr","locations":[{"start":{"line":89,"column":20},"end":{"line":89,"column":25},"skip":true},{"start":{"line":89,"column":29},"end":{"line":89,"column":48},"skip":true},{"start":{"line":89,"column":52},"end":{"line":89,"column":74},"skip":true}]},"12":{"line":92,"type":"if","locations":[{"start":{"line":92,"column":16},"end":{"line":92,"column":16},"skip":true},{"start":{"line":92,"column":16},"end":{"line":92,"column":16},"skip":true}]},"13":{"line":108,"type":"if","locations":[{"start":{"line":108,"column":12},"end":{"line":108,"column":12},"skip":true},{"start":{"line":108,"column":12},"end":{"line":108,"column":12},"skip":true}]},"14":{"line":108,"type":"binary-expr","locations":[{"start":{"line":108,"column":16},"end":{"line":108,"column":61},"skip":true},{"start":{"line":108,"column":66},"end":{"line":108,"column":72},"skip":true},{"start":{"line":108,"column":77},"end":{"line":108,"column":82},"skip":true},{"start":{"line":109,"column":20},"end":{"line":109,"column":39},"skip":true},{"start":{"line":110,"column":20},"end":{"line":110,"column":49},"skip":true},{"start":{"line":111,"column":20},"end":{"line":111,"column":58},"skip":true},{"start":{"line":112,"column":20},"end":{"line":112,"column":68},"skip":true}]},"15":{"line":129,"type":"if","locations":[{"start":{"line":129,"column":16},"end":{"line":129,"column":16},"skip":true},{"start":{"line":129,"column":16},"end":{"line":129,"column":16},"skip":true}]},"16":{"line":134,"type":"cond-expr","locations":[{"start":{"line":135,"column":26},"end":{"line":135,"column":29},"skip":true},{"start":{"line":136,"column":26},"end":{"line":136,"column":54},"skip":true}]},"17":{"line":164,"type":"binary-expr","locations":[{"start":{"line":164,"column":27},"end":{"line":164,"column":43},"skip":true},{"start":{"line":164,"column":47},"end":{"line":164,"column":49},"skip":true}]},"18":{"line":258,"type":"if","locations":[{"start":{"line":258,"column":8},"end":{"line":258,"column":8},"skip":true},{"start":{"line":258,"column":8},"end":{"line":258,"column":8},"skip":true}]},"19":{"line":275,"type":"switch","locations":[{"start":{"line":276,"column":20},"end":{"line":277,"column":64},"skip":true},{"start":{"line":278,"column":20},"end":{"line":279,"column":40},"skip":true},{"start":{"line":280,"column":20},"end":{"line":281,"column":40},"skip":true},{"start":{"line":282,"column":20},"end":{"line":283,"column":39},"skip":true}]},"20":{"line":288,"type":"if","locations":[{"start":{"line":288,"column":8},"end":{"line":288,"column":8},"skip":true},{"start":{"line":288,"column":8},"end":{"line":288,"column":8},"skip":true}]},"21":{"line":288,"type":"binary-expr","locations":[{"start":{"line":288,"column":12},"end":{"line":288,"column":40},"skip":true},{"start":{"line":288,"column":44},"end":{"line":288,"column":67},"skip":true}]},"22":{"line":292,"type":"binary-expr","locations":[{"start":{"line":292,"column":12},"end":{"line":292,"column":50},"skip":true},{"start":{"line":293,"column":12},"end":{"line":293,"column":53},"skip":true}]},"23":{"line":297,"type":"binary-expr","locations":[{"start":{"line":297,"column":12},"end":{"line":297,"column":73},"skip":true},{"start":{"line":298,"column":12},"end":{"line":301,"column":36},"skip":true}]},"24":{"line":303,"type":"binary-expr","locations":[{"start":{"line":303,"column":43},"end":{"line":303,"column":75},"skip":true},{"start":{"line":303,"column":79},"end":{"line":303,"column":81},"skip":true}]},"25":{"line":306,"type":"if","locations":[{"start":{"line":306,"column":8},"end":{"line":306,"column":8},"skip":true},{"start":{"line":306,"column":8},"end":{"line":306,"column":8},"skip":true}]},"26":{"line":310,"type":"if","locations":[{"start":{"line":310,"column":8},"end":{"line":310,"column":8},"skip":true},{"start":{"line":310,"column":8},"end":{"line":310,"column":8},"skip":true}]},"27":{"line":313,"type":"binary-expr","locations":[{"start":{"line":313,"column":27},"end":{"line":313,"column":43},"skip":true},{"start":{"line":313,"column":47},"end":{"line":313,"column":53},"skip":true}]},"28":{"line":317,"type":"if","locations":[{"start":{"line":317,"column":12},"end":{"line":317,"column":12},"skip":true},{"start":{"line":317,"column":12},"end":{"line":317,"column":12},"skip":true}]}},"code":["/*","example.js","","quickstart example","","instruction","    1. save this script as example.js","    2. run the shell command:","        $ npm install npmtest-node-quickbooks && PORT=8081 node example.js","    3. play with the browser-demo on http://127.0.0.1:8081","*/","","","","/* istanbul instrument in package npmtest_node_quickbooks */","/*jslint","    bitwise: true,","    browser: true,","    maxerr: 8,","    maxlen: 96,","    node: true,","    nomen: true,","    regexp: true,","    stupid: true","*/","(function () {","    'use strict';","    var local;","","","","    // run shared js-env code - pre-init","    (function () {","        // init local","        local = {};","        // init modeJs","        local.modeJs = (function () {","            try {","                return typeof navigator.userAgent === 'string' &&","                    typeof document.querySelector('body') === 'object' &&","                    typeof XMLHttpRequest.prototype.open === 'function' &&","                    'browser';","            } catch (errorCaughtBrowser) {","                return module.exports &&","                    typeof process.versions.node === 'string' &&","                    typeof require('http').createServer === 'function' &&","                    'node';","            }","        }());","        // init global","        local.global = local.modeJs === 'browser'","            ? window","            : global;","        // init utility2_rollup","        local = local.global.utility2_rollup || (local.modeJs === 'browser'","            ? local.global.utility2_npmtest_node_quickbooks","            : global.utility2_moduleExports);","        // export local","        local.global.local = local;","    }());","    switch (local.modeJs) {","","","","    // post-init","    // run browser js-env code - post-init","    /* istanbul ignore next */","    case 'browser':","        local.testRunBrowser = function (event) {","            if (!event || (event &&","                    event.currentTarget &&","                    event.currentTarget.className &&","                    event.currentTarget.className.includes &&","                    event.currentTarget.className.includes('onreset'))) {","                // reset output","                Array.from(","                    document.querySelectorAll('body > .resettable')","                ).forEach(function (element) {","                    switch (element.tagName) {","                    case 'INPUT':","                    case 'TEXTAREA':","                        element.value = '';","                        break;","                    default:","                        element.textContent = '';","                    }","                });","            }","            switch (event && event.currentTarget && event.currentTarget.id) {","            case 'testRunButton1':","                // show tests","                if (document.querySelector('#testReportDiv1').style.display === 'none') {","                    document.querySelector('#testReportDiv1').style.display = 'block';","                    document.querySelector('#testRunButton1').textContent =","                        'hide internal test';","                    local.modeTest = true;","                    local.testRunDefault(local);","                // hide tests","                } else {","                    document.querySelector('#testReportDiv1').style.display = 'none';","                    document.querySelector('#testRunButton1').textContent = 'run internal test';","                }","                break;","            // custom-case","            default:","                break;","            }","            if (document.querySelector('#inputTextareaEval1') && (!event || (event &&","                    event.currentTarget &&","                    event.currentTarget.className &&","                    event.currentTarget.className.includes &&","                    event.currentTarget.className.includes('oneval')))) {","                // try to eval input-code","                try {","                    /*jslint evil: true*/","                    eval(document.querySelector('#inputTextareaEval1').value);","                } catch (errorCaught) {","                    console.error(errorCaught);","                }","            }","        };","        // log stderr and stdout to #outputTextareaStdout1","        ['error', 'log'].forEach(function (key) {","            console[key + '_original'] = console[key];","            console[key] = function () {","                var element;","                console[key + '_original'].apply(console, arguments);","                element = document.querySelector('#outputTextareaStdout1');","                if (!element) {","                    return;","                }","                // append text to #outputTextareaStdout1","                element.value += Array.from(arguments).map(function (arg) {","                    return typeof arg === 'string'","                        ? arg","                        : JSON.stringify(arg, null, 4);","                }).join(' ') + '\\n';","                // scroll textarea to bottom","                element.scrollTop = element.scrollHeight;","            };","        });","        // init event-handling","        ['change', 'click', 'keyup'].forEach(function (event) {","            Array.from(document.querySelectorAll('.on' + event)).forEach(function (element) {","                element.addEventListener(event, local.testRunBrowser);","            });","        });","        // run tests","        local.testRunBrowser();","        break;","","","","    // run node js-env code - post-init","    /* istanbul ignore next */","    case 'node':","        // export local","        module.exports = local;","        // require modules","        local.fs = require('fs');","        local.http = require('http');","        local.url = require('url');","        // init assets","        local.assetsDict = local.assetsDict || {};","        /* jslint-ignore-begin */","        local.assetsDict['/assets.index.template.html'] = '\\","<!doctype html>\\n\\","<html lang=\"en\">\\n\\","<head>\\n\\","<meta charset=\"UTF-8\">\\n\\","<meta name=\"viewport\" content=\"width=device-width, initial-scale=1\">\\n\\","<title>{{env.npm_package_name}} (v{{env.npm_package_version}})</title>\\n\\","<style>\\n\\","/*csslint\\n\\","    box-sizing: false,\\n\\","    universal-selector: false\\n\\","*/\\n\\","* {\\n\\","    box-sizing: border-box;\\n\\","}\\n\\","body {\\n\\","    background: #dde;\\n\\","    font-family: Arial, Helvetica, sans-serif;\\n\\","    margin: 2rem;\\n\\","}\\n\\","body > * {\\n\\","    margin-bottom: 1rem;\\n\\","}\\n\\",".utility2FooterDiv {\\n\\","    margin-top: 20px;\\n\\","    text-align: center;\\n\\","}\\n\\","</style>\\n\\","<style>\\n\\","/*csslint\\n\\","*/\\n\\","textarea {\\n\\","    font-family: monospace;\\n\\","    height: 10rem;\\n\\","    width: 100%;\\n\\","}\\n\\","textarea[readonly] {\\n\\","    background: #ddd;\\n\\","}\\n\\","</style>\\n\\","</head>\\n\\","<body>\\n\\","<!-- utility2-comment\\n\\","<div id=\"ajaxProgressDiv1\" style=\"background: #d00; height: 2px; left: 0; margin: 0; padding: 0; position: fixed; top: 0; transition: background 0.5s, width 1.5s; width: 25%;\"></div>\\n\\","utility2-comment -->\\n\\","<h1>\\n\\","<!-- utility2-comment\\n\\","    <a\\n\\","        {{#if env.npm_package_homepage}}\\n\\","        href=\"{{env.npm_package_homepage}}\"\\n\\","        {{/if env.npm_package_homepage}}\\n\\","        target=\"_blank\"\\n\\","    >\\n\\","utility2-comment -->\\n\\","        {{env.npm_package_name}} (v{{env.npm_package_version}})\\n\\","<!-- utility2-comment\\n\\","    </a>\\n\\","utility2-comment -->\\n\\","</h1>\\n\\","<h3>{{env.npm_package_description}}</h3>\\n\\","<!-- utility2-comment\\n\\","<h4><a download href=\"assets.app.js\">download standalone app</a></h4>\\n\\","<button class=\"onclick onreset\" id=\"testRunButton1\">run internal test</button><br>\\n\\","<div id=\"testReportDiv1\" style=\"display: none;\"></div>\\n\\","utility2-comment -->\\n\\","\\n\\","\\n\\","\\n\\","<label>stderr and stdout</label>\\n\\","<textarea class=\"resettable\" id=\"outputTextareaStdout1\" readonly></textarea>\\n\\","<!-- utility2-comment\\n\\","{{#if isRollup}}\\n\\","<script src=\"assets.app.js\"></script>\\n\\","{{#unless isRollup}}\\n\\","utility2-comment -->\\n\\","<script src=\"assets.utility2.rollup.js\"></script>\\n\\","<script src=\"jsonp.utility2._stateInit?callback=window.utility2._stateInit\"></script>\\n\\","<script src=\"assets.npmtest_node_quickbooks.rollup.js\"></script>\\n\\","<script src=\"assets.example.js\"></script>\\n\\","<script src=\"assets.test.js\"></script>\\n\\","<!-- utility2-comment\\n\\","{{/if isRollup}}\\n\\","utility2-comment -->\\n\\","<div class=\"utility2FooterDiv\">\\n\\","    [ this app was created with\\n\\","    <a href=\"https://github.com/kaizhu256/node-utility2\" target=\"_blank\">utility2</a>\\n\\","    ]\\n\\","</div>\\n\\","</body>\\n\\","</html>\\n\\","';","        /* jslint-ignore-end */","        if (local.templateRender) {","            local.assetsDict['/'] = local.templateRender(","                local.assetsDict['/assets.index.template.html'],","                {","                    env: local.objectSetDefault(local.env, {","                        npm_package_description: 'the greatest app in the world!',","                        npm_package_name: 'my-app',","                        npm_package_nameAlias: 'my_app',","                        npm_package_version: '0.0.1'","                    })","                }","            );","        } else {","            local.assetsDict['/'] = local.assetsDict['/assets.index.template.html']","                .replace((/\\{\\{env\\.(\\w+?)\\}\\}/g), function (match0, match1) {","                    // jslint-hack","                    String(match0);","                    switch (match1) {","                    case 'npm_package_description':","                        return 'the greatest app in the world!';","                    case 'npm_package_name':","                        return 'my-app';","                    case 'npm_package_nameAlias':","                        return 'my_app';","                    case 'npm_package_version':","                        return '0.0.1';","                    }","                });","        }","        // run the cli","        if (local.global.utility2_rollup || module !== require.main) {","            break;","        }","        local.assetsDict['/assets.example.js'] =","            local.assetsDict['/assets.example.js'] ||","            local.fs.readFileSync(__filename, 'utf8');","        // bug-workaround - long $npm_package_buildCustomOrg","        /* jslint-ignore-begin */","        local.assetsDict['/assets.npmtest_node_quickbooks.rollup.js'] =","            local.assetsDict['/assets.npmtest_node_quickbooks.rollup.js'] ||","            local.fs.readFileSync(","                local.npmtest_node_quickbooks.__dirname + '/lib.npmtest_node_quickbooks.js',","                'utf8'","            ).replace((/^#!/), '//');","        /* jslint-ignore-end */","        local.assetsDict['/favicon.ico'] = local.assetsDict['/favicon.ico'] || '';","        // if $npm_config_timeout_exit exists,","        // then exit this process after $npm_config_timeout_exit ms","        if (Number(process.env.npm_config_timeout_exit)) {","            setTimeout(process.exit, Number(process.env.npm_config_timeout_exit));","        }","        // start server","        if (local.global.utility2_serverHttp1) {","            break;","        }","        process.env.PORT = process.env.PORT || '8081';","        console.error('server starting on port ' + process.env.PORT);","        local.http.createServer(function (request, response) {","            request.urlParsed = local.url.parse(request.url);","            if (local.assetsDict[request.urlParsed.pathname] !== undefined) {","                response.end(local.assetsDict[request.urlParsed.pathname]);","                return;","            }","            response.statusCode = 404;","            response.end();","        }).listen(process.env.PORT);","        break;","    }","}());",""],"l":{"26":2,"28":2,"33":2,"35":2,"37":2,"38":2,"39":2,"44":1,"51":2,"55":2,"59":2,"61":2,"69":1,"70":2,"76":2,"79":2,"82":2,"83":2,"85":1,"89":2,"92":1,"93":1,"94":1,"96":1,"97":1,"100":1,"101":1,"103":1,"106":1,"108":2,"114":1,"116":1,"118":1,"123":1,"124":2,"125":2,"126":3,"127":3,"128":3,"129":3,"130":1,"133":3,"134":3,"139":3,"143":1,"144":3,"145":1,"149":1,"150":1,"158":1,"160":1,"161":1,"162":1,"164":1,"166":1,"258":1,"259":1,"271":1,"274":6,"275":6,"277":1,"279":2,"281":1,"283":2,"288":1,"289":1,"291":1,"296":1,"303":1,"306":1,"307":1,"310":1,"311":1,"313":1,"314":1,"315":1,"316":1,"317":1,"318":1,"319":1,"321":1,"322":1,"324":1}},"/home/travis/build/npmtest/node-npmtest-node-quickbooks/node_modules/node-quickbooks/index.js":{"path":"/home/travis/build/npmtest/node-npmtest-node-quickbooks/node_modules/node-quickbooks/index.js","s":{"1":1,"2":1,"3":1,"4":1,"5":1,"6":1,"7":1,"8":1,"9":1,"10":1,"11":0,"12":0,"13":0,"14":0,"15":0,"16":0,"17":0,"18":0,"19":0,"20":1,"21":0,"22":1,"23":0,"24":0,"25":0,"26":0,"27":0,"28":1,"29":0,"30":0,"31":0,"32":0,"33":0,"34":0,"35":0,"36":0,"37":0,"38":0,"39":1,"40":0,"41":1,"42":0,"43":1,"44":0,"45":1,"46":0,"47":1,"48":0,"49":1,"50":0,"51":1,"52":0,"53":1,"54":0,"55":1,"56":0,"57":1,"58":0,"59":1,"60":0,"61":1,"62":0,"63":1,"64":0,"65":1,"66":0,"67":1,"68":0,"69":1,"70":0,"71":1,"72":0,"73":1,"74":0,"75":1,"76":0,"77":1,"78":0,"79":1,"80":0,"81":1,"82":0,"83":1,"84":0,"85":1,"86":0,"87":1,"88":0,"89":1,"90":0,"91":1,"92":0,"93":1,"94":0,"95":1,"96":0,"97":1,"98":0,"99":1,"100":0,"101":1,"102":0,"103":1,"104":0,"105":1,"106":0,"107":1,"108":0,"109":1,"110":0,"111":1,"112":0,"113":1,"114":0,"115":1,"116":0,"117":1,"118":0,"119":0,"120":1,"121":0,"122":0,"123":0,"124":0,"125":0,"126":1,"127":0,"128":1,"129":0,"130":1,"131":0,"132":0,"133":0,"134":0,"135":0,"136":1,"137":0,"138":1,"139":0,"140":1,"141":0,"142":1,"143":0,"144":1,"145":0,"146":1,"147":0,"148":1,"149":0,"150":1,"151":0,"152":1,"153":0,"154":1,"155":0,"156":1,"157":0,"158":1,"159":0,"160":0,"161":0,"162":0,"163":0,"164":1,"165":0,"166":1,"167":0,"168":1,"169":0,"170":1,"171":0,"172":1,"173":0,"174":1,"175":0,"176":1,"177":0,"178":1,"179":0,"180":1,"181":0,"182":1,"183":0,"184":1,"185":0,"186":1,"187":0,"188":1,"189":0,"190":1,"191":0,"192":1,"193":0,"194":1,"195":0,"196":1,"197":0,"198":1,"199":0,"200":1,"201":0,"202":1,"203":0,"204":1,"205":0,"206":1,"207":0,"208":1,"209":0,"210":1,"211":0,"212":1,"213":0,"214":1,"215":0,"216":1,"217":0,"218":1,"219":0,"220":1,"221":0,"222":1,"223":0,"224":1,"225":0,"226":1,"227":0,"228":1,"229":0,"230":1,"231":0,"232":1,"233":0,"234":1,"235":0,"236":1,"237":0,"238":1,"239":0,"240":1,"241":0,"242":1,"243":0,"244":1,"245":0,"246":1,"247":0,"248":1,"249":0,"250":1,"251":0,"252":1,"253":0,"254":1,"255":0,"256":1,"257":0,"258":1,"259":0,"260":1,"261":0,"262":1,"263":0,"264":1,"265":0,"266":1,"267":0,"268":1,"269":0,"270":1,"271":0,"272":1,"273":0,"274":1,"275":0,"276":0,"277":0,"278":1,"279":0,"280":0,"281":0,"282":1,"283":0,"284":0,"285":0,"286":1,"287":0,"288":0,"289":0,"290":1,"291":0,"292":0,"293":0,"294":1,"295":0,"296":0,"297":0,"298":1,"299":0,"300":0,"301":0,"302":1,"303":0,"304":0,"305":0,"306":1,"307":0,"308":0,"309":0,"310":1,"311":0,"312":0,"313":0,"314":1,"315":0,"316":0,"317":0,"318":1,"319":0,"320":0,"321":0,"322":1,"323":0,"324":0,"325":0,"326":1,"327":0,"328":0,"329":0,"330":1,"331":0,"332":0,"333":0,"334":1,"335":0,"336":0,"337":0,"338":1,"339":0,"340":0,"341":0,"342":1,"343":0,"344":0,"345":0,"346":1,"347":0,"348":0,"349":0,"350":1,"351":0,"352":0,"353":0,"354":1,"355":0,"356":0,"357":0,"358":1,"359":0,"360":0,"361":0,"362":1,"363":0,"364":0,"365":0,"366":1,"367":0,"368":0,"369":0,"370":1,"371":0,"372":0,"373":0,"374":1,"375":0,"376":0,"377":0,"378":1,"379":0,"380":0,"381":0,"382":1,"383":0,"384":0,"385":0,"386":1,"387":0,"388":0,"389":0,"390":1,"391":0,"392":0,"393":0,"394":1,"395":0,"396":0,"397":0,"398":1,"399":0,"400":0,"401":0,"402":1,"403":0,"404":1,"405":0,"406":1,"407":0,"408":1,"409":0,"410":1,"411":0,"412":1,"413":0,"414":1,"415":0,"416":1,"417":0,"418":1,"419":0,"420":1,"421":0,"422":1,"423":0,"424":1,"425":0,"426":1,"427":0,"428":1,"429":0,"430":1,"431":0,"432":1,"433":0,"434":1,"435":0,"436":1,"437":0,"438":1,"439":0,"440":1,"441":0,"442":1,"443":0,"444":1,"445":0,"446":1,"447":0,"448":1,"449":0,"450":1,"451":0,"452":0,"453":0,"454":0,"455":0,"456":0,"457":0,"458":0,"459":0,"460":0,"461":0,"462":0,"463":0,"464":0,"465":0,"466":0,"467":0,"468":0,"469":0,"470":0,"471":0,"472":0,"473":0,"474":0,"475":0,"476":1,"477":0,"478":0,"479":1,"480":0,"481":0,"482":1,"483":0,"484":0,"485":0,"486":0,"487":1,"488":0,"489":0,"490":0,"491":0,"492":0,"493":0,"494":0,"495":0,"496":0,"497":0,"498":0,"499":1,"500":0,"501":0,"502":0,"503":0,"504":0,"505":0,"506":0,"507":0,"508":1,"509":1,"510":0,"511":0,"512":0,"513":0,"514":0,"515":0,"516":0,"517":0,"518":0,"519":0,"520":0,"521":0,"522":0,"523":0,"524":0,"525":0,"526":0,"527":0,"528":0,"529":0,"530":0,"531":0,"532":0,"533":0,"534":0,"535":0,"536":0,"537":0,"538":0,"539":0,"540":0,"541":0,"542":0,"543":0,"544":0,"545":0,"546":0,"547":0,"548":0,"549":0,"550":0,"551":0,"552":0,"553":0,"554":0,"555":0,"556":0,"557":0,"558":0,"559":0,"560":0,"561":0,"562":0,"563":0,"564":0,"565":0,"566":0,"567":0,"568":0,"569":1,"570":0,"571":0,"572":0,"573":0,"574":1,"575":0,"576":1,"577":0,"578":1,"579":0,"580":1,"581":0,"582":0,"583":0,"584":0,"585":0,"586":1,"587":0,"588":0,"589":0,"590":0,"591":0,"592":0,"593":0,"594":0,"595":0,"596":0,"597":0,"598":0,"599":0,"600":0,"601":0,"602":0,"603":0,"604":0,"605":0,"606":0,"607":0,"608":0,"609":0,"610":0,"611":0,"612":0,"613":0,"614":0,"615":0,"616":0,"617":0,"618":0,"619":0,"620":0,"621":0,"622":0,"623":0,"624":0,"625":1,"626":0,"627":0,"628":0,"629":0,"630":1,"631":0,"632":1,"633":1,"634":0,"635":0,"636":0,"637":0,"638":0,"639":0,"640":1,"641":1,"642":0,"643":0,"644":0,"645":0,"646":0,"647":0,"648":0,"649":0,"650":0},"b":{"1":[0,0],"2":[0,0],"3":[0,0],"4":[0,0],"5":[0,0],"6":[0,0],"7":[0,0],"8":[0,0],"9":[0,0],"10":[0,0],"11":[0,0],"12":[0,0],"13":[0,0],"14":[0,0],"15":[0,0],"16":[0,0],"17":[0,0],"18":[0,0],"19":[0,0],"20":[0,0],"21":[0,0],"22":[0,0],"23":[0,0],"24":[0,0],"25":[0,0],"26":[0,0],"27":[0,0],"28":[0,0],"29":[0,0],"30":[0,0],"31":[0,0],"32":[0,0],"33":[0,0],"34":[0,0],"35":[0,0],"36":[0,0],"37":[0,0],"38":[0,0],"39":[0,0],"40":[0,0],"41":[0,0],"42":[0,0],"43":[0,0],"44":[0,0],"45":[0,0],"46":[0,0],"47":[0,0],"48":[0,0],"49":[0,0],"50":[0,0],"51":[0,0],"52":[0,0],"53":[0,0],"54":[0,0],"55":[0,0],"56":[0,0],"57":[0,0],"58":[0,0],"59":[0,0],"60":[0,0],"61":[0,0],"62":[0,0],"63":[0,0],"64":[0,0],"65":[0,0],"66":[0,0],"67":[0,0],"68":[0,0],"69":[0,0],"70":[0,0],"71":[0,0],"72":[0,0],"73":[0,0],"74":[0,0],"75":[0,0],"76":[0,0],"77":[0,0],"78":[0,0],"79":[0,0],"80":[0,0],"81":[0,0],"82":[0,0],"83":[0,0],"84":[0,0],"85":[0,0],"86":[0,0],"87":[0,0],"88":[0,0],"89":[0,0],"90":[0,0],"91":[0,0],"92":[0,0],"93":[0,0],"94":[0,0],"95":[0,0,0,0,0,0,0,0,0],"96":[0,0],"97":[0,0],"98":[0,0],"99":[0,0,0,0],"100":[0,0],"101":[0,0],"102":[0,0],"103":[0,0],"104":[0,0],"105":[0,0],"106":[0,0],"107":[0,0],"108":[0,0],"109":[0,0],"110":[0,0],"111":[0,0],"112":[0,0],"113":[0,0],"114":[0,0],"115":[0,0],"116":[0,0],"117":[0,0],"118":[0,0],"119":[0,0],"120":[0,0],"121":[0,0],"122":[0,0],"123":[0,0],"124":[0,0],"125":[0,0],"126":[0,0],"127":[0,0],"128":[0,0],"129":[0,0,0],"130":[0,0],"131":[0,0],"132":[0,0],"133":[0,0],"134":[0,0],"135":[0,0],"136":[0,0],"137":[0,0],"138":[0,0],"139":[0,0],"140":[0,0],"141":[0,0],"142":[0,0],"143":[0,0],"144":[0,0],"145":[0,0],"146":[0,0],"147":[0,0],"148":[0,0],"149":[0,0],"150":[0,0],"151":[0,0],"152":[0,0],"153":[0,0],"154":[0,0],"155":[0,0],"156":[0,0],"157":[0,0],"158":[0,0],"159":[0,0],"160":[0,0],"161":[0,0],"162":[0,0],"163":[0,0],"164":[0,0],"165":[0,0],"166":[0,0],"167":[0,0],"168":[0,0]},"f":{"1":0,"2":0,"3":0,"4":0,"5":0,"6":0,"7":0,"8":0,"9":0,"10":0,"11":0,"12":0,"13":0,"14":0,"15":0,"16":0,"17":0,"18":0,"19":0,"20":0,"21":0,"22":0,"23":0,"24":0,"25":0,"26":0,"27":0,"28":0,"29":0,"30":0,"31":0,"32":0,"33":0,"34":0,"35":0,"36":0,"37":0,"38":0,"39":0,"40":0,"41":0,"42":0,"43":0,"44":0,"45":0,"46":0,"47":0,"48":0,"49":0,"50":0,"51":0,"52":0,"53":0,"54":0,"55":0,"56":0,"57":0,"58":0,"59":0,"60":0,"61":0,"62":0,"63":0,"64":0,"65":0,"66":0,"67":0,"68":0,"69":0,"70":0,"71":0,"72":0,"73":0,"74":0,"75":0,"76":0,"77":0,"78":0,"79":0,"80":0,"81":0,"82":0,"83":0,"84":0,"85":0,"86":0,"87":0,"88":0,"89":0,"90":0,"91":0,"92":0,"93":0,"94":0,"95":0,"96":0,"97":0,"98":0,"99":0,"100":0,"101":0,"102":0,"103":0,"104":0,"105":0,"106":0,"107":0,"108":0,"109":0,"110":0,"111":0,"112":0,"113":0,"114":0,"115":0,"116":0,"117":0,"118":0,"119":0,"120":0,"121":0,"122":0,"123":0,"124":0,"125":0,"126":0,"127":0,"128":0,"129":0,"130":0,"131":0,"132":0,"133":0,"134":0,"135":0,"136":0,"137":0,"138":0,"139":0,"140":0,"141":0,"142":0,"143":0,"144":0,"145":0,"146":0,"147":0,"148":0,"149":0,"150":0,"151":0,"152":0,"153":0,"154":0,"155":0,"156":0,"157":0,"158":0,"159":0,"160":0,"161":0,"162":0,"163":0,"164":0,"165":0,"166":0,"167":0,"168":0,"169":0,"170":0,"171":0,"172":0,"173":0,"174":0,"175":0,"176":0,"177":0,"178":0,"179":0,"180":0,"181":0,"182":0,"183":0,"184":0,"185":0,"186":0,"187":0,"188":0,"189":0,"190":0,"191":0,"192":0,"193":0,"194":0,"195":0,"196":0,"197":0,"198":0,"199":0,"200":0,"201":0,"202":0,"203":0,"204":0,"205":0,"206":0,"207":0,"208":0,"209":0,"210":0,"211":0,"212":0,"213":0,"214":0,"215":0,"216":0,"217":0,"218":0,"219":0,"220":0,"221":0,"222":0,"223":0,"224":0,"225":0,"226":0,"227":0,"228":0,"229":0,"230":0,"231":0,"232":0,"233":0,"234":0,"235":0,"236":0,"237":0,"238":0,"239":0,"240":0,"241":0,"242":0,"243":0,"244":0,"245":0,"246":0,"247":0,"248":0,"249":0,"250":0,"251":0,"252":0,"253":0,"254":0,"255":0,"256":0,"257":0,"258":0,"259":0,"260":0,"261":0,"262":0,"263":0,"264":0,"265":0,"266":0,"267":0,"268":0,"269":0,"270":0,"271":0},"fnMap":{"1":{"name":"QuickBooks","line":41,"loc":{"start":{"line":41,"column":0},"end":{"line":41,"column":97}}},"2":{"name":"(anonymous_2)","line":65,"loc":{"start":{"line":65,"column":29},"end":{"line":65,"column":55}}},"3":{"name":"(anonymous_3)","line":76,"loc":{"start":{"line":76,"column":41},"end":{"line":76,"column":77}}},"4":{"name":"(anonymous_4)","line":93,"loc":{"start":{"line":93,"column":30},"end":{"line":93,"column":79}}},"5":{"name":"(anonymous_5)","line":101,"loc":{"start":{"line":101,"column":57},"end":{"line":101,"column":77}}},"6":{"name":"(anonymous_6)","line":117,"loc":{"start":{"line":117,"column":9},"end":{"line":117,"column":29}}},"7":{"name":"(anonymous_7)","line":130,"loc":{"start":{"line":130,"column":37},"end":{"line":130,"column":65}}},"8":{"name":"(anonymous_8)","line":140,"loc":{"start":{"line":140,"column":40},"end":{"line":140,"column":71}}},"9":{"name":"(anonymous_9)","line":150,"loc":{"start":{"line":150,"column":34},"end":{"line":150,"column":59}}},"10":{"name":"(anonymous_10)","line":160,"loc":{"start":{"line":160,"column":41},"end":{"line":160,"column":73}}},"11":{"name":"(anonymous_11)","line":170,"loc":{"start":{"line":170,"column":35},"end":{"line":170,"column":61}}},"12":{"name":"(anonymous_12)","line":180,"loc":{"start":{"line":180,"column":40},"end":{"line":180,"column":71}}},"13":{"name":"(anonymous_13)","line":190,"loc":{"start":{"line":190,"column":38},"end":{"line":190,"column":67}}},"14":{"name":"(anonymous_14)","line":200,"loc":{"start":{"line":200,"column":40},"end":{"line":200,"column":71}}},"15":{"name":"(anonymous_15)","line":210,"loc":{"start":{"line":210,"column":37},"end":{"line":210,"column":65}}},"16":{"name":"(anonymous_16)","line":220,"loc":{"start":{"line":220,"column":38},"end":{"line":220,"column":67}}},"17":{"name":"(anonymous_17)","line":230,"loc":{"start":{"line":230,"column":38},"end":{"line":230,"column":67}}},"18":{"name":"(anonymous_18)","line":240,"loc":{"start":{"line":240,"column":37},"end":{"line":240,"column":65}}},"19":{"name":"(anonymous_19)","line":250,"loc":{"start":{"line":250,"column":34},"end":{"line":250,"column":59}}},"20":{"name":"(anonymous_20)","line":260,"loc":{"start":{"line":260,"column":42},"end":{"line":260,"column":75}}},"21":{"name":"(anonymous_21)","line":270,"loc":{"start":{"line":270,"column":37},"end":{"line":270,"column":65}}},"22":{"name":"(anonymous_22)","line":280,"loc":{"start":{"line":280,"column":43},"end":{"line":280,"column":77}}},"23":{"name":"(anonymous_23)","line":290,"loc":{"start":{"line":290,"column":38},"end":{"line":290,"column":67}}},"24":{"name":"(anonymous_24)","line":300,"loc":{"start":{"line":300,"column":43},"end":{"line":300,"column":77}}},"25":{"name":"(anonymous_25)","line":310,"loc":{"start":{"line":310,"column":43},"end":{"line":310,"column":77}}},"26":{"name":"(anonymous_26)","line":320,"loc":{"start":{"line":320,"column":42},"end":{"line":320,"column":75}}},"27":{"name":"(anonymous_27)","line":330,"loc":{"start":{"line":330,"column":39},"end":{"line":330,"column":69}}},"28":{"name":"(anonymous_28)","line":340,"loc":{"start":{"line":340,"column":40},"end":{"line":340,"column":71}}},"29":{"name":"(anonymous_29)","line":350,"loc":{"start":{"line":350,"column":34},"end":{"line":350,"column":59}}},"30":{"name":"(anonymous_30)","line":360,"loc":{"start":{"line":360,"column":42},"end":{"line":360,"column":75}}},"31":{"name":"(anonymous_31)","line":370,"loc":{"start":{"line":370,"column":38},"end":{"line":370,"column":67}}},"32":{"name":"(anonymous_32)","line":380,"loc":{"start":{"line":380,"column":36},"end":{"line":380,"column":63}}},"33":{"name":"(anonymous_33)","line":390,"loc":{"start":{"line":390,"column":42},"end":{"line":390,"column":75}}},"34":{"name":"(anonymous_34)","line":402,"loc":{"start":{"line":402,"column":34},"end":{"line":402,"column":57}}},"35":{"name":"(anonymous_35)","line":412,"loc":{"start":{"line":412,"column":37},"end":{"line":412,"column":60}}},"36":{"name":"(anonymous_36)","line":422,"loc":{"start":{"line":422,"column":31},"end":{"line":422,"column":54}}},"37":{"name":"(anonymous_37)","line":432,"loc":{"start":{"line":432,"column":38},"end":{"line":432,"column":61}}},"38":{"name":"(anonymous_38)","line":442,"loc":{"start":{"line":442,"column":32},"end":{"line":442,"column":55}}},"39":{"name":"(anonymous_39)","line":452,"loc":{"start":{"line":452,"column":38},"end":{"line":452,"column":61}}},"40":{"name":"(anonymous_40)","line":462,"loc":{"start":{"line":462,"column":37},"end":{"line":462,"column":60}}},"41":{"name":"(anonymous_41)","line":472,"loc":{"start":{"line":472,"column":35},"end":{"line":472,"column":58}}},"42":{"name":"(anonymous_42)","line":482,"loc":{"start":{"line":482,"column":37},"end":{"line":482,"column":60}}},"43":{"name":"(anonymous_43)","line":492,"loc":{"start":{"line":492,"column":34},"end":{"line":492,"column":57}}},"44":{"name":"(anonymous_44)","line":502,"loc":{"start":{"line":502,"column":35},"end":{"line":502,"column":58}}},"45":{"name":"(anonymous_45)","line":512,"loc":{"start":{"line":512,"column":35},"end":{"line":512,"column":58}}},"46":{"name":"(anonymous_46)","line":522,"loc":{"start":{"line":522,"column":39},"end":{"line":522,"column":67}}},"47":{"name":"(anonymous_47)","line":535,"loc":{"start":{"line":535,"column":39},"end":{"line":535,"column":70}}},"48":{"name":"(anonymous_48)","line":550,"loc":{"start":{"line":550,"column":34},"end":{"line":550,"column":57}}},"49":{"name":"(anonymous_49)","line":560,"loc":{"start":{"line":560,"column":37},"end":{"line":560,"column":60}}},"50":{"name":"(anonymous_50)","line":572,"loc":{"start":{"line":572,"column":38},"end":{"line":572,"column":69}}},"51":{"name":"(anonymous_51)","line":587,"loc":{"start":{"line":587,"column":31},"end":{"line":587,"column":54}}},"52":{"name":"(anonymous_52)","line":597,"loc":{"start":{"line":597,"column":39},"end":{"line":597,"column":62}}},"53":{"name":"(anonymous_53)","line":607,"loc":{"start":{"line":607,"column":34},"end":{"line":607,"column":57}}},"54":{"name":"(anonymous_54)","line":617,"loc":{"start":{"line":617,"column":40},"end":{"line":617,"column":63}}},"55":{"name":"(anonymous_55)","line":626,"loc":{"start":{"line":626,"column":38},"end":{"line":626,"column":57}}},"56":{"name":"(anonymous_56)","line":636,"loc":{"start":{"line":636,"column":35},"end":{"line":636,"column":58}}},"57":{"name":"(anonymous_57)","line":646,"loc":{"start":{"line":646,"column":40},"end":{"line":646,"column":63}}},"58":{"name":"(anonymous_58)","line":656,"loc":{"start":{"line":656,"column":40},"end":{"line":656,"column":63}}},"59":{"name":"(anonymous_59)","line":666,"loc":{"start":{"line":666,"column":34},"end":{"line":666,"column":57}}},"60":{"name":"(anonymous_60)","line":676,"loc":{"start":{"line":676,"column":39},"end":{"line":676,"column":62}}},"61":{"name":"(anonymous_61)","line":686,"loc":{"start":{"line":686,"column":42},"end":{"line":686,"column":65}}},"62":{"name":"(anonymous_62)","line":698,"loc":{"start":{"line":698,"column":43},"end":{"line":698,"column":74}}},"63":{"name":"(anonymous_63)","line":713,"loc":{"start":{"line":713,"column":36},"end":{"line":713,"column":59}}},"64":{"name":"(anonymous_64)","line":723,"loc":{"start":{"line":723,"column":34},"end":{"line":723,"column":57}}},"65":{"name":"(anonymous_65)","line":733,"loc":{"start":{"line":733,"column":34},"end":{"line":733,"column":57}}},"66":{"name":"(anonymous_66)","line":743,"loc":{"start":{"line":743,"column":31},"end":{"line":743,"column":54}}},"67":{"name":"(anonymous_67)","line":753,"loc":{"start":{"line":753,"column":39},"end":{"line":753,"column":62}}},"68":{"name":"(anonymous_68)","line":763,"loc":{"start":{"line":763,"column":35},"end":{"line":763,"column":58}}},"69":{"name":"(anonymous_69)","line":773,"loc":{"start":{"line":773,"column":33},"end":{"line":773,"column":56}}},"70":{"name":"(anonymous_70)","line":783,"loc":{"start":{"line":783,"column":39},"end":{"line":783,"column":62}}},"71":{"name":"(anonymous_71)","line":795,"loc":{"start":{"line":795,"column":37},"end":{"line":795,"column":65}}},"72":{"name":"(anonymous_72)","line":805,"loc":{"start":{"line":805,"column":40},"end":{"line":805,"column":71}}},"73":{"name":"(anonymous_73)","line":815,"loc":{"start":{"line":815,"column":34},"end":{"line":815,"column":59}}},"74":{"name":"(anonymous_74)","line":825,"loc":{"start":{"line":825,"column":41},"end":{"line":825,"column":73}}},"75":{"name":"(anonymous_75)","line":835,"loc":{"start":{"line":835,"column":35},"end":{"line":835,"column":61}}},"76":{"name":"(anonymous_76)","line":845,"loc":{"start":{"line":845,"column":41},"end":{"line":845,"column":73}}},"77":{"name":"(anonymous_77)","line":855,"loc":{"start":{"line":855,"column":40},"end":{"line":855,"column":71}}},"78":{"name":"(anonymous_78)","line":865,"loc":{"start":{"line":865,"column":38},"end":{"line":865,"column":67}}},"79":{"name":"(anonymous_79)","line":875,"loc":{"start":{"line":875,"column":40},"end":{"line":875,"column":71}}},"80":{"name":"(anonymous_80)","line":885,"loc":{"start":{"line":885,"column":37},"end":{"line":885,"column":65}}},"81":{"name":"(anonymous_81)","line":895,"loc":{"start":{"line":895,"column":38},"end":{"line":895,"column":67}}},"82":{"name":"(anonymous_82)","line":905,"loc":{"start":{"line":905,"column":38},"end":{"line":905,"column":67}}},"83":{"name":"(anonymous_83)","line":915,"loc":{"start":{"line":915,"column":37},"end":{"line":915,"column":65}}},"84":{"name":"(anonymous_84)","line":925,"loc":{"start":{"line":925,"column":34},"end":{"line":925,"column":59}}},"85":{"name":"(anonymous_85)","line":935,"loc":{"start":{"line":935,"column":42},"end":{"line":935,"column":75}}},"86":{"name":"(anonymous_86)","line":945,"loc":{"start":{"line":945,"column":37},"end":{"line":945,"column":65}}},"87":{"name":"(anonymous_87)","line":955,"loc":{"start":{"line":955,"column":43},"end":{"line":955,"column":77}}},"88":{"name":"(anonymous_88)","line":965,"loc":{"start":{"line":965,"column":41},"end":{"line":965,"column":73}}},"89":{"name":"(anonymous_89)","line":975,"loc":{"start":{"line":975,"column":38},"end":{"line":975,"column":67}}},"90":{"name":"(anonymous_90)","line":985,"loc":{"start":{"line":985,"column":43},"end":{"line":985,"column":77}}},"91":{"name":"(anonymous_91)","line":995,"loc":{"start":{"line":995,"column":43},"end":{"line":995,"column":77}}},"92":{"name":"(anonymous_92)","line":1005,"loc":{"start":{"line":1005,"column":42},"end":{"line":1005,"column":75}}},"93":{"name":"(anonymous_93)","line":1015,"loc":{"start":{"line":1015,"column":39},"end":{"line":1015,"column":69}}},"94":{"name":"(anonymous_94)","line":1025,"loc":{"start":{"line":1025,"column":37},"end":{"line":1025,"column":65}}},"95":{"name":"(anonymous_95)","line":1035,"loc":{"start":{"line":1035,"column":37},"end":{"line":1035,"column":65}}},"96":{"name":"(anonymous_96)","line":1045,"loc":{"start":{"line":1045,"column":34},"end":{"line":1045,"column":59}}},"97":{"name":"(anonymous_97)","line":1055,"loc":{"start":{"line":1055,"column":42},"end":{"line":1055,"column":75}}},"98":{"name":"(anonymous_98)","line":1065,"loc":{"start":{"line":1065,"column":38},"end":{"line":1065,"column":67}}},"99":{"name":"(anonymous_99)","line":1075,"loc":{"start":{"line":1075,"column":36},"end":{"line":1075,"column":63}}},"100":{"name":"(anonymous_100)","line":1085,"loc":{"start":{"line":1085,"column":42},"end":{"line":1085,"column":75}}},"101":{"name":"(anonymous_101)","line":1095,"loc":{"start":{"line":1095,"column":42},"end":{"line":1095,"column":75}}},"102":{"name":"(anonymous_102)","line":1106,"loc":{"start":{"line":1106,"column":40},"end":{"line":1106,"column":71}}},"103":{"name":"(anonymous_103)","line":1116,"loc":{"start":{"line":1116,"column":34},"end":{"line":1116,"column":65}}},"104":{"name":"(anonymous_104)","line":1126,"loc":{"start":{"line":1126,"column":41},"end":{"line":1126,"column":72}}},"105":{"name":"(anonymous_105)","line":1136,"loc":{"start":{"line":1136,"column":40},"end":{"line":1136,"column":71}}},"106":{"name":"(anonymous_106)","line":1146,"loc":{"start":{"line":1146,"column":37},"end":{"line":1146,"column":68}}},"107":{"name":"(anonymous_107)","line":1156,"loc":{"start":{"line":1156,"column":38},"end":{"line":1156,"column":69}}},"108":{"name":"(anonymous_108)","line":1166,"loc":{"start":{"line":1166,"column":37},"end":{"line":1166,"column":68}}},"109":{"name":"(anonymous_109)","line":1176,"loc":{"start":{"line":1176,"column":42},"end":{"line":1176,"column":73}}},"110":{"name":"(anonymous_110)","line":1186,"loc":{"start":{"line":1186,"column":37},"end":{"line":1186,"column":68}}},"111":{"name":"(anonymous_111)","line":1196,"loc":{"start":{"line":1196,"column":38},"end":{"line":1196,"column":69}}},"112":{"name":"(anonymous_112)","line":1206,"loc":{"start":{"line":1206,"column":43},"end":{"line":1206,"column":74}}},"113":{"name":"(anonymous_113)","line":1216,"loc":{"start":{"line":1216,"column":43},"end":{"line":1216,"column":74}}},"114":{"name":"(anonymous_114)","line":1226,"loc":{"start":{"line":1226,"column":42},"end":{"line":1226,"column":73}}},"115":{"name":"(anonymous_115)","line":1236,"loc":{"start":{"line":1236,"column":42},"end":{"line":1236,"column":73}}},"116":{"name":"(anonymous_116)","line":1246,"loc":{"start":{"line":1246,"column":38},"end":{"line":1246,"column":69}}},"117":{"name":"(anonymous_117)","line":1256,"loc":{"start":{"line":1256,"column":42},"end":{"line":1256,"column":73}}},"118":{"name":"(anonymous_118)","line":1268,"loc":{"start":{"line":1268,"column":36},"end":{"line":1268,"column":65}}},"119":{"name":"(anonymous_119)","line":1269,"loc":{"start":{"line":1269,"column":47},"end":{"line":1269,"column":62}}},"120":{"name":"(anonymous_120)","line":1271,"loc":{"start":{"line":1271,"column":11},"end":{"line":1271,"column":25}}},"121":{"name":"(anonymous_121)","line":1282,"loc":{"start":{"line":1282,"column":39},"end":{"line":1282,"column":68}}},"122":{"name":"(anonymous_122)","line":1283,"loc":{"start":{"line":1283,"column":50},"end":{"line":1283,"column":65}}},"123":{"name":"(anonymous_123)","line":1285,"loc":{"start":{"line":1285,"column":11},"end":{"line":1285,"column":25}}},"124":{"name":"(anonymous_124)","line":1296,"loc":{"start":{"line":1296,"column":33},"end":{"line":1296,"column":62}}},"125":{"name":"(anonymous_125)","line":1297,"loc":{"start":{"line":1297,"column":44},"end":{"line":1297,"column":59}}},"126":{"name":"(anonymous_126)","line":1299,"loc":{"start":{"line":1299,"column":11},"end":{"line":1299,"column":25}}},"127":{"name":"(anonymous_127)","line":1310,"loc":{"start":{"line":1310,"column":40},"end":{"line":1310,"column":69}}},"128":{"name":"(anonymous_128)","line":1311,"loc":{"start":{"line":1311,"column":51},"end":{"line":1311,"column":66}}},"129":{"name":"(anonymous_129)","line":1313,"loc":{"start":{"line":1313,"column":11},"end":{"line":1313,"column":25}}},"130":{"name":"(anonymous_130)","line":1324,"loc":{"start":{"line":1324,"column":35},"end":{"line":1324,"column":64}}},"131":{"name":"(anonymous_131)","line":1325,"loc":{"start":{"line":1325,"column":46},"end":{"line":1325,"column":61}}},"132":{"name":"(anonymous_132)","line":1327,"loc":{"start":{"line":1327,"column":11},"end":{"line":1327,"column":25}}},"133":{"name":"(anonymous_133)","line":1338,"loc":{"start":{"line":1338,"column":35},"end":{"line":1338,"column":64}}},"134":{"name":"(anonymous_134)","line":1339,"loc":{"start":{"line":1339,"column":45},"end":{"line":1339,"column":60}}},"135":{"name":"(anonymous_135)","line":1341,"loc":{"start":{"line":1341,"column":11},"end":{"line":1341,"column":25}}},"136":{"name":"(anonymous_136)","line":1352,"loc":{"start":{"line":1352,"column":40},"end":{"line":1352,"column":69}}},"137":{"name":"(anonymous_137)","line":1353,"loc":{"start":{"line":1353,"column":51},"end":{"line":1353,"column":66}}},"138":{"name":"(anonymous_138)","line":1355,"loc":{"start":{"line":1355,"column":11},"end":{"line":1355,"column":25}}},"139":{"name":"(anonymous_139)","line":1366,"loc":{"start":{"line":1366,"column":39},"end":{"line":1366,"column":68}}},"140":{"name":"(anonymous_140)","line":1367,"loc":{"start":{"line":1367,"column":50},"end":{"line":1367,"column":65}}},"141":{"name":"(anonymous_141)","line":1369,"loc":{"start":{"line":1369,"column":11},"end":{"line":1369,"column":25}}},"142":{"name":"(anonymous_142)","line":1380,"loc":{"start":{"line":1380,"column":37},"end":{"line":1380,"column":66}}},"143":{"name":"(anonymous_143)","line":1381,"loc":{"start":{"line":1381,"column":48},"end":{"line":1381,"column":63}}},"144":{"name":"(anonymous_144)","line":1383,"loc":{"start":{"line":1383,"column":11},"end":{"line":1383,"column":25}}},"145":{"name":"(anonymous_145)","line":1394,"loc":{"start":{"line":1394,"column":39},"end":{"line":1394,"column":68}}},"146":{"name":"(anonymous_146)","line":1395,"loc":{"start":{"line":1395,"column":50},"end":{"line":1395,"column":65}}},"147":{"name":"(anonymous_147)","line":1397,"loc":{"start":{"line":1397,"column":11},"end":{"line":1397,"column":25}}},"148":{"name":"(anonymous_148)","line":1408,"loc":{"start":{"line":1408,"column":36},"end":{"line":1408,"column":65}}},"149":{"name":"(anonymous_149)","line":1409,"loc":{"start":{"line":1409,"column":47},"end":{"line":1409,"column":62}}},"150":{"name":"(anonymous_150)","line":1411,"loc":{"start":{"line":1411,"column":11},"end":{"line":1411,"column":25}}},"151":{"name":"(anonymous_151)","line":1422,"loc":{"start":{"line":1422,"column":37},"end":{"line":1422,"column":66}}},"152":{"name":"(anonymous_152)","line":1423,"loc":{"start":{"line":1423,"column":48},"end":{"line":1423,"column":63}}},"153":{"name":"(anonymous_153)","line":1425,"loc":{"start":{"line":1425,"column":11},"end":{"line":1425,"column":25}}},"154":{"name":"(anonymous_154)","line":1436,"loc":{"start":{"line":1436,"column":37},"end":{"line":1436,"column":66}}},"155":{"name":"(anonymous_155)","line":1437,"loc":{"start":{"line":1437,"column":48},"end":{"line":1437,"column":63}}},"156":{"name":"(anonymous_156)","line":1439,"loc":{"start":{"line":1439,"column":11},"end":{"line":1439,"column":25}}},"157":{"name":"(anonymous_157)","line":1450,"loc":{"start":{"line":1450,"column":36},"end":{"line":1450,"column":65}}},"158":{"name":"(anonymous_158)","line":1451,"loc":{"start":{"line":1451,"column":47},"end":{"line":1451,"column":62}}},"159":{"name":"(anonymous_159)","line":1453,"loc":{"start":{"line":1453,"column":11},"end":{"line":1453,"column":25}}},"160":{"name":"(anonymous_160)","line":1464,"loc":{"start":{"line":1464,"column":33},"end":{"line":1464,"column":62}}},"161":{"name":"(anonymous_161)","line":1465,"loc":{"start":{"line":1465,"column":44},"end":{"line":1465,"column":59}}},"162":{"name":"(anonymous_162)","line":1467,"loc":{"start":{"line":1467,"column":11},"end":{"line":1467,"column":25}}},"163":{"name":"(anonymous_163)","line":1478,"loc":{"start":{"line":1478,"column":42},"end":{"line":1478,"column":71}}},"164":{"name":"(anonymous_164)","line":1479,"loc":{"start":{"line":1479,"column":52},"end":{"line":1479,"column":67}}},"165":{"name":"(anonymous_165)","line":1481,"loc":{"start":{"line":1481,"column":11},"end":{"line":1481,"column":25}}},"166":{"name":"(anonymous_166)","line":1492,"loc":{"start":{"line":1492,"column":36},"end":{"line":1492,"column":65}}},"167":{"name":"(anonymous_167)","line":1493,"loc":{"start":{"line":1493,"column":47},"end":{"line":1493,"column":62}}},"168":{"name":"(anonymous_168)","line":1495,"loc":{"start":{"line":1495,"column":11},"end":{"line":1495,"column":25}}},"169":{"name":"(anonymous_169)","line":1506,"loc":{"start":{"line":1506,"column":42},"end":{"line":1506,"column":71}}},"170":{"name":"(anonymous_170)","line":1507,"loc":{"start":{"line":1507,"column":53},"end":{"line":1507,"column":68}}},"171":{"name":"(anonymous_171)","line":1509,"loc":{"start":{"line":1509,"column":11},"end":{"line":1509,"column":25}}},"172":{"name":"(anonymous_172)","line":1520,"loc":{"start":{"line":1520,"column":41},"end":{"line":1520,"column":70}}},"173":{"name":"(anonymous_173)","line":1521,"loc":{"start":{"line":1521,"column":51},"end":{"line":1521,"column":66}}},"174":{"name":"(anonymous_174)","line":1523,"loc":{"start":{"line":1523,"column":11},"end":{"line":1523,"column":25}}},"175":{"name":"(anonymous_175)","line":1534,"loc":{"start":{"line":1534,"column":37},"end":{"line":1534,"column":66}}},"176":{"name":"(anonymous_176)","line":1535,"loc":{"start":{"line":1535,"column":48},"end":{"line":1535,"column":63}}},"177":{"name":"(anonymous_177)","line":1537,"loc":{"start":{"line":1537,"column":11},"end":{"line":15
[...]
s passed as options to the Report"," * @param  {function} callback - Callback function which is called with any error and the VendorExpenses Report"," */","QuickBooks.prototype.reportVendorExpenses = function(options, callback) {","  module.report(this, 'VendorExpenses', options, callback)","}","","/**"," * Retrieves the TransactionList Report from QuickBooks"," *"," * @param  {object} options - (Optional) Map of key-value pairs passed as options to the Report"," * @param  {function} callback - Callback function which is called with any error and the TransactionList Report"," */","QuickBooks.prototype.reportTransactionList = function(options, callback) {","  module.report(this, 'TransactionList', options, callback)","}","","/**"," * Retrieves the GeneralLedgerDetail Report from QuickBooks"," *"," * @param  {object} options - (Optional) Map of key-value pairs passed as options to the Report"," * @param  {function} callback - Callback function which is called with any error and the GeneralLedgerDetail Report"," */","QuickBooks.prototype.reportGeneralLedgerDetail = function(options, callback) {","  module.report(this, 'GeneralLedger', options, callback)","}","","/**"," * Retrieves the TaxSummary Report from QuickBooks"," *"," * @param  {object} options - (Optional) Map of key-value pairs passed as options to the Report"," * @param  {function} callback - Callback function which is called with any error and the TaxSummary Report"," */","QuickBooks.prototype.reportTaxSummary = function(options, callback) {","  module.report(this, 'TaxSummary', options, callback)","}","","/**"," * Retrieves the DepartmentSales Report from QuickBooks"," *"," * @param  {object} options - (Optional) Map of key-value pairs passed as options to the Report"," * @param  {function} callback - Callback function which is called with any error and the DepartmentSales Report"," */","QuickBooks.prototype.reportDepartmentSales = function(options, callback) {","  module.report(this, 'DepartmentSales', options, callback)","}","","/**"," * Retrieves the ClassSales Report from QuickBooks"," *"," * @param  {object} options - (Optional) Map of key-value pairs passed as options to the Report"," * @param  {function} callback - Callback function which is called with any error and the ClassSales Report"," */","QuickBooks.prototype.reportClassSales = function(options, callback) {","  module.report(this, 'ClassSales', options, callback)","}","","/**"," * Retrieves the AccountListDetail Report from QuickBooks"," *"," * @param  {object} options - (Optional) Map of key-value pairs passed as options to the Report"," * @param  {function} callback - Callback function which is called with any error and the AccountListDetail Report"," */","QuickBooks.prototype.reportAccountListDetail = function(options, callback) {","  module.report(this, 'AccountList', options, callback)","}","","module.request = function(context, verb, options, entity, callback) {","  var url = context.endpoint + context.realmId + options.url","  if (options.url === QuickBooks.RECONNECT_URL) {","    url = options.url","  }","  var opts = {","    url:     url,","    qs:      options.qs || {},","    headers: options.headers || {},","    oauth:   module.oauth(context),","    json:    true","  }","  opts.qs.minorversion = opts.qs.minorversion || 4","  opts.headers['User-Agent'] = 'node-quickbooks: version ' + version","  opts.headers['Request-Id'] = uuid.v1()","  if (options.url.match(/pdf$/)) {","    opts.headers['accept'] = 'application/pdf'","    opts.encoding = null","  }","  if (entity !== null) {","    opts.body = entity","  }","  if (options.formData) {","    opts.formData = options.formData","  }","  if ('production' !== process.env.NODE_ENV && context.debug) {","    debug(request)","  }","  request[verb].call(context, opts, function (err, res, body) {","    if ('production' !== process.env.NODE_ENV && context.debug) {","      console.log('invoking endpoint: ' + url)","      console.log(entity || '')","      console.log(JSON.stringify(body, null, 2));","    }","    if (callback) {","      if (err ||","          res.statusCode >= 300 ||","          (_.isObject(body) && body.Fault && body.Fault.Error && body.Fault.Error.length) ||","          (_.isString(body) && !_.isEmpty(body) && body.indexOf('<') === 0)) {","        callback(err || body, body)","      } else {","        callback(null, body)","      }","    }","  })","}","","QuickBooks.prototype.reconnect = function(callback) {","  var url = QuickBooks.RECONNECT_URL","  module.request(this, 'get', {url: url}, null, callback)","}","","// **********************  CRUD Api **********************","module.create = function(context, entityName, entity, callback) {","  var url = '/' + entityName.toLowerCase()","  module.request(context, 'post', {url: url}, entity, module.unwrap(callback, entityName))","}","","module.read = function(context, entityName, id, callback) {","  var url = '/' + entityName.toLowerCase()","  if (id) url = url + '/' + id","  module.request(context, 'get', {url: url}, null, module.unwrap(callback, entityName))","}","","module.update = function(context, entityName, entity, callback) {","  if (_.isUndefined(entity.Id) ||","      _.isEmpty(entity.Id + '') ||","      _.isUndefined(entity.SyncToken) ||","      _.isEmpty(entity.SyncToken + '')) {","    if (entityName !== 'exchangerate') {","      throw new Error(entityName + ' must contain Id and SyncToken fields: ' +","          util.inspect(entity, {showHidden: false, depth: null}))","    }","  }","  if (! entity.hasOwnProperty('sparse')) {","    entity.sparse = true","  }","  var url = '/' + entityName.toLowerCase() + '?operation=update'","  var opts = {url: url}","  if (entity.void && entity.void.toString() === 'true') {","    opts.qs = { include: 'void' }","    delete entity.void","  }","  module.request(context, 'post', opts, entity, module.unwrap(callback, entityName))","}","","module.delete = function(context, entityName, idOrEntity, callback) {","  var url = '/' + entityName.toLowerCase() + '?operation=delete'","  callback = callback || function() {}","  if (_.isObject(idOrEntity)) {","    module.request(context, 'post', {url: url}, idOrEntity, callback)","  } else {","    module.read(context, entityName, idOrEntity, function(err, entity) {","      if (err) {","        callback(err)","      } else {","        module.request(context, 'post', {url: url}, entity, callback)","      }","    })","  }","}","","// **********************  Query Api **********************","module.requestPromise = Promise.promisify(module.request)","","module.query = function(context, entity, criteria) {","  var url = '/query?query@@select * from ' + entity","  var count = function(obj) {","    for (var p in obj) {","      if (obj[p] && p.toLowerCase() === 'count') {","        url = url.replace('select \\* from', 'select count(*) from')","        delete obj[p]","      }","    }","  }","  count(criteria)","  if (_.isArray(criteria)) {","    for (var i = 0; i < criteria.length; i++) {","      if (_.isObject(criteria[i])) {","        var j = Object.keys(criteria[i]).length","        count(criteria[i])","        if (j !== Object.keys(criteria[i]).length) {","          criteria.splice(i, i + 1)","        }","      }","    }","  }","","  var fetchAll = false, limit = 1000, offset = 1","  if (_.isArray(criteria)) {","    var lmt = _.find(criteria, function(obj) {","      return obj.field && obj.field === 'limit'","    })","    if (lmt) limit = lmt.value","    var ofs = _.find(criteria, function(obj) {","      return obj.field && obj.field === 'offset'","    })","    if (! ofs) {","      criteria.push({field: 'offset', value: 1})","    } else {","      offset = ofs.value","    }","    var fa = _.find(criteria, function(obj) {","      return obj.field && obj.field === 'fetchAll'","    })","    if (fa && fa.value) fetchAll = true","  } else if (_.isObject(criteria)) {","    limit = criteria.limit = criteria.limit || 1000","    offset = criteria.offset = criteria.offset || 1","    if (criteria.fetchAll) fetchAll = true","  }","","  if (criteria && !_.isFunction(criteria)) {","    url += module.criteriaToString(criteria) || ''","    url = url.replace(/%/g, '%25')","             .replace(/'/g, '%27')","             .replace(/=/g, '%3D')","             .replace(/</g, '%3C')","             .replace(/>/g, '%3E')","             .replace(/&/g, '%26')","             .replace(/#/g, '%23')","             .replace(/\\\\/g, '%5C')","             .replace(/\\+/g, '%2B')","  }","  url = url.replace('@@', '=')","","  return new Promise(function(resolve, reject) {","    module.requestPromise(context, 'get', {url: url}, null).then(function(data) {","      var fields = Object.keys(data.QueryResponse)","      var key = _.find(fields, function(k) { return k.toLowerCase() === entity.toLowerCase()})","      if (fetchAll) {","        if (data && data.QueryResponse && data.QueryResponse.maxResults === limit) {","          if (_.isArray(criteria)) {","            _.each(criteria, function(e) {","              if (e.field === 'offset') e.value = e.value + limit","            })","          } else if (_.isObject(criteria)) {","            criteria.offset = criteria.offset + limit","          }","          return module.query(context, entity, criteria).then(function(more) {","            data.QueryResponse[key] = data.QueryResponse[key].concat(more.QueryResponse[key] || [])","            data.QueryResponse.maxResults = data.QueryResponse.maxResults + (more.QueryResponse.maxResults || 0)","            data.time = more.time || data.time","            resolve(data)","          })","        } else {","          resolve(data)","        }","      } else {","        resolve(data)","      }","    }).catch(function(err) {","      reject(err)","    })","  })","}","","","// **********************  Report Api **********************","module.report = function(context, reportType, criteria, callback) {","  var url = '/reports/' + reportType","  if (criteria && typeof criteria !== 'function') {","    url += module.reportCriteria(criteria) || ''","  }","  module.request(context, 'get', {url: url}, null, typeof criteria === 'function' ? criteria : callback)","}","","","module.oauth = function(context) {","  return {","    consumer_key:    context.consumerKey,","    consumer_secret: context.consumerSecret,","    token:           context.token,","    token_secret:    context.tokenSecret","  }","}","","module.isNumeric = function(n) {","  return ! isNaN(parseFloat(n)) && isFinite(n);","}","","module.checkProperty = function(field, name) {","  return (field && field.toLowerCase() === name)","}","","module.toCriterion = function(c) {","  var fields = _.keys(c)","  if (_.intersection(fields, ['field', 'value']).length === 2) {","    return {","      field: c.field,","      value: c.value,","      operator: c.operator || '='","    }","  } else {","    return fields.map(function(k) {","      return {","        field: k,","        value: c[k],","        operator: _.isArray(c[k]) ? 'IN' : '='","      }","    })","  }","}","","module.criteriaToString = function(criteria) {","  if (_.isString(criteria)) return criteria.indexOf(' ') === 0 ? criteria : \" \" + criteria","  var cs = _.isArray(criteria) ? criteria.map(module.toCriterion) : module.toCriterion(criteria)","  var flattened = _.flatten(cs)","  var sql = '', limit, offset, desc, asc","  for (var i=0, l=flattened.length; i<l; i++) {","    var criterion = flattened[i];","    if (module.checkProperty(criterion.field, 'fetchall')) {","      continue","    }","    if (module.checkProperty(criterion.field, 'limit')) {","      limit = criterion.value","      continue","    }","    if (module.checkProperty(criterion.field, 'offset')) {","      offset = criterion.value","      continue","    }","    if (module.checkProperty(criterion.field, 'desc')) {","      desc = criterion.value","      continue","    }","    if (module.checkProperty(criterion.field, 'asc')) {","      asc = criterion.value","      continue","    }","    if (sql != '') {","      sql += ' and '","    }","    sql += criterion.field + ' ' + criterion.operator + ' '","    var quote = function(x) {","      return _.isString(x) ? \"'\" + x + \"'\" : x","    }","    if (_.isArray(criterion.value)) {","      sql += '(' + criterion.value.map(quote).join(',') + ')'","    } else {","      sql += quote(criterion.value)","    }","  }","  if (sql != '') {","    sql = ' where ' + sql","  }","  if (asc)  sql += ' orderby ' + asc + ' asc'","  if (desc) sql += ' orderby ' + desc + ' desc'","  sql += ' startposition ' + (offset || 1)","  sql += ' maxresults ' + (limit || 1000)","  return sql","}","","module.reportCriteria = function(criteria) {","  var s = '?'","  for (var p in criteria) {","    s += p + '=' + criteria[p] + '&'","  }","  return s","}","","module.capitalize = function(s) {","  return s.substring(0, 1).toUpperCase() + s.substring(1)","}","","QuickBooks.prototype.capitalize = module.capitalize","","module.pluralize = function(s) {","  var last = s.substring(s.length - 1)","  if (last === 's') {","    return s + \"es\"","  } else if (last === 'y') {","    return s.substring(0, s.length - 1) + \"ies\"","  } else {","    return s + 's'","  }","}","","QuickBooks.prototype.pluralize = module.pluralize","","module.unwrap = function(callback, entityName) {","  if (! callback) return function(err, data) {}","  return function(err, data) {","    if (err) {","      if (callback) callback(err)","    } else {","      var name = module.capitalize(entityName)","      if (callback) callback(err, (data || {})[name] || data)","    }","  }","}",""],"l":{"9":1,"18":1,"20":1,"21":1,"22":1,"23":1,"24":1,"25":1,"26":1,"41":1,"42":0,"43":0,"44":0,"45":0,"46":0,"47":0,"48":0,"49":0,"50":0,"65":1,"66":0,"76":1,"77":0,"78":0,"79":0,"80":0,"81":0,"93":1,"94":0,"95":0,"101":0,"102":0,"103":0,"104":0,"105":0,"107":0,"108":0,"118":0,"130":1,"131":0,"140":1,"141":0,"150":1,"151":0,"160":1,"161":0,"170":1,"171":0,"180":1,"181":0,"190":1,"191":0,"200":1,"201":0,"210":1,"211":0,"220":1,"221":0,"230":1,"231":0,"240":1,"241":0,"250":1,"251":0,"260":1,"261":0,"270":1,"271":0,"280":1,"281":0,"290":1,"291":0,"300":1,"301":0,"310":1,"311":0,"320":1,"321":0,"330":1,"331":0,"340":1,"341":0,"350":1,"351":0,"360":1,"361":0,"370":1,"371":0,"380":1,"381":0,"390":1,"391":0,"402":1,"403":0,"412":1,"413":0,"422":1,"423":0,"432":1,"433":0,"442":1,"443":0,"452":1,"453":0,"462":1,"463":0,"472":1,"473":0,"482":1,"483":0,"492":1,"493":0,"502":1,"503":0,"512":1,"513":0,"522":1,"523":0,"524":0,"535":1,"536":0,"537":0,"538":0,"539":0,"541":0,"550":1,"551":0,"560":1,"561":0,"572":1,"573":0,"574":0,"575":0,"576":0,"578":0,"587":1,"588":0,"597":1,"598":0,"607":1,"608":0,"617":1,"618":0,"626":1,"627":0,"636":1,"637":0,"646":1,"647":0,"656":1,"657":0,"666":1,"667":0,"676":1,"677":0,"686":1,"687":0,"698":1,"699":0,"700":0,"701":0,"702":0,"704":0,"713":1,"714":0,"723":1,"724":0,"733":1,"734":0,"743":1,"744":0,"753":1,"754":0,"763":1,"764":0,"773":1,"774":0,"783":1,"784":0,"795":1,"796":0,"805":1,"806":0,"815":1,"816":0,"825":1,"826":0,"835":1,"836":0,"845":1,"846":0,"855":1,"856":0,"865":1,"866":0,"875":1,"876":0,"885":1,"886":0,"895":1,"896":0,"905":1,"906":0,"915":1,"916":0,"925":1,"926":0,"935":1,"936":0,"945":1,"946":0,"955":1,"956":0,"965":1,"966":0,"975":1,"976":0,"985":1,"986":0,"995":1,"996":0,"1005":1,"1006":0,"1015":1,"1016":0,"1025":1,"1026":0,"1035":1,"1036":0,"1045":1,"1046":0,"1055":1,"1056":0,"1065":1,"1066":0,"1075":1,"1076":0,"1085":1,"1086":0,"1095":1,"1096":0,"1106":1,"1107":0,"1116":1,"1117":0,"1126":1,"1127":0,"1136":1,"1137":0,"1146":1,"1147":0,"1156":1,"1157":0,"1166":1,"1167":0,"1176":1,"1177":0,"1186":1,"1187":0,"1196":1,"1197":0,"1206":1,"1207":0,"1216":1,"1217":0,"1226":1,"1227":0,"1236":1,"1237":0,"1246":1,"1247":0,"1256":1,"1257":0,"1268":1,"1269":0,"1270":0,"1272":0,"1282":1,"1283":0,"1284":0,"1286":0,"1296":1,"1297":0,"1298":0,"1300":0,"1310":1,"1311":0,"1312":0,"1314":0,"1324":1,"1325":0,"1326":0,"1328":0,"1338":1,"1339":0,"1340":0,"1342":0,"1352":1,"1353":0,"1354":0,"1356":0,"1366":1,"1367":0,"1368":0,"1370":0,"1380":1,"1381":0,"1382":0,"1384":0,"1394":1,"1395":0,"1396":0,"1398":0,"1408":1,"1409":0,"1410":0,"1412":0,"1422":1,"1423":0,"1424":0,"1426":0,"1436":1,"1437":0,"1438":0,"1440":0,"1450":1,"1451":0,"1452":0,"1454":0,"1464":1,"1465":0,"1466":0,"1468":0,"1478":1,"1479":0,"1480":0,"1482":0,"1492":1,"1493":0,"1494":0,"1496":0,"1506":1,"1507":0,"1508":0,"1510":0,"1520":1,"1521":0,"1522":0,"1524":0,"1534":1,"1535":0,"1536":0,"1538":0,"1548":1,"1549":0,"1550":0,"1552":0,"1562":1,"1563":0,"1564":0,"1566":0,"1576":1,"1577":0,"1578":0,"1580":0,"1590":1,"1591":0,"1592":0,"1594":0,"1604":1,"1605":0,"1606":0,"1608":0,"1618":1,"1619":0,"1620":0,"1622":0,"1632":1,"1633":0,"1634":0,"1636":0,"1646":1,"1647":0,"1648":0,"1650":0,"1660":1,"1661":0,"1662":0,"1664":0,"1674":1,"1675":0,"1676":0,"1678":0,"1688":1,"1689":0,"1690":0,"1692":0,"1702":1,"1703":0,"1704":0,"1706":0,"1717":1,"1718":0,"1727":1,"1728":0,"1737":1,"1738":0,"1747":1,"1748":0,"1757":1,"1758":0,"1767":1,"1768":0,"1777":1,"1778":0,"1787":1,"1788":0,"1797":1,"1798":0,"1807":1,"1808":0,"1817":1,"1818":0,"1827":1,"1828":0,"1837":1,"1838":0,"1847":1,"1848":0,"1857":1,"1858":0,"1867":1,"1868":0,"1877":1,"1878":0,"1887":1,"1888":0,"1897":1,"1898":0,"1907":1,"1908":0,"1917":1,"1918":0,"1927":1,"1928":0,"1937":1,"1938":0,"1947":1,"1948":0,"1951":1,"1952":0,"1953":0,"1954":0,"1956":0,"1963":0,"1964":0,"1965":0,"1966":0,"1967":0,"1968":0,"1970":0,"1971":0,"1973":0,"1974":0,"1976":0,"1977":0,"1979":0,"1980":0,"1981":0,"1982":0,"1983":0,"1985":0,"1986":0,"1990":0,"1992":0,"1998":1,"1999":0,"2000":0,"2004":1,"2005":0,"2006":0,"2009":1,"2010":0,"2011":0,"2012":0,"2015":1,"2016":0,"2020":0,"2021":0,"2025":0,"2026":0,"2028":0,"2029":0,"2030":0,"2031":0,"2032":0,"2034":0,"2037":1,"2038":0,"2039":0,"2040":0,"2041":0,"2043":0,"2044":0,"2045":0,"2047":0,"2054":1,"2056":1,"2057":0,"2058":0,"2059":0,"2060":0,"2061":0,"2062":0,"2066":0,"2067":0,"2068":0,"2069":0,"2070":0,"2071":0,"2072":0,"2073":0,"2079":0,"2080":0,"2081":0,"2082":0,"2084":0,"2085":0,"2086":0,"2088":0,"2089":0,"2091":0,"2093":0,"2094":0,"2096":0,"2097":0,"2098":0,"2099":0,"2100":0,"2103":0,"2104":0,"2105":0,"2115":0,"2117":0,"2118":0,"2119":0,"2120":0,"2121":0,"2122":0,"2123":0,"2124":0,"2125":0,"2127":0,"2128":0,"2130":0,"2131":0,"2132":0,"2133":0,"2134":0,"2137":0,"2140":0,"2143":0,"2150":1,"2151":0,"2152":0,"2153":0,"2155":0,"2159":1,"2160":0,"2168":1,"2169":0,"2172":1,"2173":0,"2176":1,"2177":0,"2178":0,"2179":0,"2185":0,"2186":0,"2195":1,"2196":0,"2197":0,"2198":0,"2199":0,"2200":0,"2201":0,"2202":0,"2203":0,"2205":0,"2206":0,"2207":0,"2209":0,"2210":0,"2211":0,"2213":0,"2214":0,"2215":0,"2217":0,"2218":0,"2219":0,"2221":0,"2222":0,"2224":0,"2225":0,"2226":0,"2228":0,"2229":0,"2231":0,"2234":0,"2235":0,"2237":0,"2238":0,"2239":0,"2240":0,"2241":0,"2244":1,"2245":0,"2246":0,"2247":0,"2249":0,"2252":1,"2253":0,"2256":1,"2258":1,"2259":0,"2260":0,"2261":0,"2262":0,"2263":0,"2265":0,"2269":1,"2271":1,"2272":0,"2273":0,"2274":0,"2275":0,"2277":0,"2278":0}},"/home/travis/build/npmtest/node-npmtest-node-quickbooks/node_modules/node-quickbooks/config.js":{"path":"/home/travis/build/npmtest/node-npmtest-node-quickbooks/node_modules/node-quickbooks/config.js","s":{"1":1},"b":{},"f":{},"fnMap":{},"statementMap":{"1":{"start":{"line":1,"column":0},"end":{"line":14,"column":1}}},"branchMap":{},"code":["module.exports = {","  consumerKey:     '',","  consumerSecret:  '',","  token:           '',","  tokenSecret:     '',","  realmId:         '',","  useSandbox:      true,","  debug:           false,","  //","  // Set useSandbox to false when moving to production. For info, see the following url:","  // https://developer.intuit.com/v2/blog/2014/10/24/intuit-developer-now-offers-quickbooks-sandboxes","  ","  testEmail:       ''  // Use this email address for testing send*Pdf functions","}",""],"l":{"1":1}}}